#
#model:
#
#<?xml version="1.0" encoding="UTF-8" standalone="no"?><input id="posterior" spec="beast.core.util.CompoundDistribution">
#    <distribution id="prior" spec="beast.core.util.CompoundDistribution">
#        <distribution id="BirthDeathSkyContemporary.t:BD_R2.55_p0.7_n100_rep1.nexus" spec="beast.evolution.speciation.BirthDeathSkylineModel">
#            <parameter id="origin.t:BD_R2.55_p0.7_n100_rep1.nexus" lower="0.0" name="origin" upper="Infinity">1000.0</parameter>
#            <parameter id="rho.t:BD_R2.55_p0.7_n100_rep1.nexus" lower="0.0" name="rho" upper="1.0">0.7</parameter>
#            <parameter dimension="10" id="reproductiveNumber.t:BD_R2.55_p0.7_n100_rep1.nexus" lower="0.0" name="reproductiveNumber" upper="Infinity">2.0</parameter>
#            <parameter id="becomeUninfectiousRate.t:BD_R2.55_p0.7_n100_rep1.nexus" lower="0.0" name="becomeUninfectiousRate" upper="Infinity">1.0</parameter>
#            <parameter id="samplingProportion.t:BD_R2.55_p0.7_n100_rep1.nexus" name="samplingProportion">0.0</parameter>
#            <tree IsLabelledNewick="true" adjustTipHeights="false" estimate="false" id="Tree.t:BD_R2.55_p0.7_n100_rep1.nexus" newick="((((((1[&amp;type=&quot;I&quot;,time=0.1]:0.012247511673625477,2[&amp;type=&quot;I&quot;,time=0.1]:0.012247511673625477)[&amp;type=&quot;I&quot;,reaction=&quot;Birth&quot;,time=0.08775248832637453]:0.0030081005493631935,3[&amp;type=&quot;I&quot;,time=0.1]:0.015255612222988671)[&amp;type=&quot;I&quot;,reaction=&quot;Birth&quot;,time=0.08474438777701133]:4.8240108837632745E-4,((4[&amp;type=&quot;I&quot;,time=0.1]:0.007647562007450703,((((5[&amp;type=&quot;I&quot;,time=0.1]:0.002268552569747534,(6[&amp;type=&quot;I&quot;,time=0.1]:0.001886811671789848,7[&amp;type=&quot;I&quot;,time=0.1]:0.001886811671789848)[&amp;type=&quot;I&quot;,reaction=&quot;Birth&quot;,time=0.09811318832821016]:3.8174089795768584E-4)[&amp;type=&quot;I&quot;,reaction=&quot;Birth&quot;,time=0.09773144743025247]:7.672199007499603E-5,8[&amp;type=&quot;I&quot;,time=0.1]:0.00234527455982253)[&amp;type=&quot;I&quot;,reaction=&quot;Birth&quot;,time=0.09765472544017748]:1.8039910500036727E-4,(9[&amp;type=&quot;I&quot;,time=0.1]:0.0024264248154870494,(10[&amp;type=&quot;I&quot;,time=0.1]:0.0022492735651395285,11[&amp;type=&quot;I&quot;,time=0.1]:0.0022492735651395285)[&amp;type=&quot;I&quot;,reaction=&quot;Birth&quot;,time=0.09775072643486048]:1.7715125034752088E-4)[&amp;type=&quot;I&quot;,reaction=&quot;Birth&quot;,time=0.09757357518451296]:9.924884933584788E-5)[&amp;type=&quot;I&quot;,reaction=&quot;Birth&quot;,time=0.09747432633517711]:2.5745275947905433E-4,12[&amp;type=&quot;I&quot;,time=0.1]:0.0027831264243019516)[&amp;type=&quot;I&quot;,reaction=&quot;Birth&quot;,time=0.09721687357569805]:0.004864435583148752)[&amp;type=&quot;I&quot;,reaction=&quot;Birth&quot;,time=0.0923524379925493]:0.0022693590910812245,13[&amp;type=&quot;I&quot;,time=0.1]:0.009916921098531928)[&amp;type=&quot;I&quot;,reaction=&quot;Birth&quot;,time=0.09008307890146808]:0.0058210922128330705)[&amp;type=&quot;I&quot;,reaction=&quot;Birth&quot;,time=0.08426198668863501]:0.0016266549915801287,(14[&amp;type=&quot;I&quot;,time=0.1]:0.0049334299572570545,15[&amp;type=&quot;I&quot;,time=0.1]:0.0049334299572570545)[&amp;type=&quot;I&quot;,reaction=&quot;Birth&quot;,time=0.09506657004274295]:0.012431238345688073)[&amp;type=&quot;I&quot;,reaction=&quot;Birth&quot;,time=0.08263533169705488]:0.024998359433495536,(((((16[&amp;type=&quot;I&quot;,time=0.1]:0.004303230357807289,17[&amp;type=&quot;I&quot;,time=0.1]:0.004303230357807289)[&amp;type=&quot;I&quot;,reaction=&quot;Birth&quot;,time=0.09569676964219272]:0.0024932427099651905,18[&amp;type=&quot;I&quot;,time=0.1]:0.006796473067772479)[&amp;type=&quot;I&quot;,reaction=&quot;Birth&quot;,time=0.09320352693222753]:9.893107675834206E-4,19[&amp;type=&quot;I&quot;,time=0.1]:0.0077857838353559)[&amp;type=&quot;I&quot;,reaction=&quot;Birth&quot;,time=0.0922142161646441]:0.013849183969098788,20[&amp;type=&quot;I&quot;,time=0.1]:0.02163496780445469)[&amp;type=&quot;I&quot;,reaction=&quot;Birth&quot;,time=0.07836503219554532]:0.004590445749623598,(((21[&amp;type=&quot;I&quot;,time=0.1]:0.008704219185881032,22[&amp;type=&quot;I&quot;,time=0.1]:0.008704219185881032)[&amp;type=&quot;I&quot;,reaction=&quot;Birth&quot;,time=0.09129578081411897]:0.011179792459425172,((23[&amp;type=&quot;I&quot;,time=0.1]:0.004954850168611288,((24[&amp;type=&quot;I&quot;,time=0.1]:8.416680189431425E-4,25[&amp;type=&quot;I&quot;,time=0.1]:8.416680189431425E-4)[&amp;type=&quot;I&quot;,reaction=&quot;Birth&quot;,time=0.09915833198105686]:0.0032511444757650637,(26[&amp;type=&quot;I&quot;,time=0.1]:0.0038417830264864533,(27[&amp;type=&quot;I&quot;,time=0.1]:0.0013873050810270099,28[&amp;type=&quot;I&quot;,time=0.1]:0.0013873050810270099)[&amp;type=&quot;I&quot;,reaction=&quot;Birth&quot;,time=0.098612694918973]:0.0024544779454594434)[&amp;type=&quot;I&quot;,reaction=&quot;Birth&quot;,time=0.09615821697351355]:2.5102946822175287E-4)[&amp;type=&quot;I&quot;,reaction=&quot;Birth&quot;,time=0.0959071875052918]:8.620376739030822E-4)[&amp;type=&quot;I&quot;,reaction=&quot;Birth&quot;,time=0.09504514983138872]:0.01003518120435945,((29[&amp;type=&quot;I&quot;,time=0.1]:0.0067748498095880905,(30[&amp;type=&quot;I&quot;,time=0.1]:0.0034786576796160956,(((31[&amp;type=&quot;I&quot;,time=0.1]:5.877070987857363E-4,32[&amp;type=&quot;I&quot;,time=0.1]:5.877070987857363E-4)[&amp;type=&quot;I&quot;,reaction=&quot;Birth&quot;,time=0.09941229290121427]:9.92140523712673E-4,33[&amp;type=&quot;I&quot;,time=0.1]:0.0015798476224984093)[&amp;type=&quot;I&quot;,reaction=&quot;Birth&quot;,time=0.0984201523775016]:0.0011857557901347043,34[&amp;type=&quot;I&quot;,time=0.1]:0.0027656034126331136)[&amp;type=&quot;I&quot;,reaction=&quot;Birth&quot;,time=0.09723439658736689]:7.13054266982982E-4)[&amp;type=&quot;I&quot;,reaction=&quot;Birth&quot;,time=0.09652134232038391]:0.003296192129971995)[&amp;type=&quot;I&quot;,reaction=&quot;Birth&quot;,time=0.09322515019041192]:0.00368600149651975,35[&amp;type=&quot;I&quot;,time=0.1]:0.01046085130610784)[&amp;type=&quot;I&quot;,reaction=&quot;Birth&quot;,time=0.08953914869389216]:0.004529180066862898)[&amp;type=&quot;I&quot;,reaction=&quot;Birth&quot;,time=0.08500996862702927]:0.004893980272335466)[&amp;type=&quot;I&quot;,reaction=&quot;Birth&quot;,time=0.0801159883546938]:0.001977207875093326,((36[&amp;type=&quot;I&quot;,time=0.1]:0.0016810698661598317,37[&amp;type=&quot;I&quot;,time=0.1]:0.0016810698661598317)[&amp;type=&quot;I&quot;,reaction=&quot;Birth&quot;,time=0.09831893013384017]:0.009758269147592785,38[&amp;type=&quot;I&quot;,time=0.1]:0.011439339013752617)[&amp;type=&quot;I&quot;,reaction=&quot;Birth&quot;,time=0.08856066098624739]:0.010421880506646913)[&amp;type=&quot;I&quot;,reaction=&quot;Birth&quot;,time=0.07813878047960048]:0.004364194033678756)[&amp;type=&quot;I&quot;,reaction=&quot;Birth&quot;,time=0.07377458644592172]:0.016137614182362377)[&amp;type=&quot;I&quot;,reaction=&quot;Birth&quot;,time=0.05763697226355934]:0.013881966986303548,(((39[&amp;type=&quot;I&quot;,time=0.1]:0.012512478018768688,(((40[&amp;type=&quot;I&quot;,time=0.1]:0.0010185549109716363,41[&amp;type=&quot;I&quot;,time=0.1]:0.0010185549109716363)[&amp;type=&quot;I&quot;,reaction=&quot;Birth&quot;,time=0.09898144508902837]:0.00297695276250505,42[&amp;type=&quot;I&quot;,time=0.1]:0.0039955076734766864)[&amp;type=&quot;I&quot;,reaction=&quot;Birth&quot;,time=0.09600449232652332]:0.002756356634028928,(43[&amp;type=&quot;I&quot;,time=0.1]:0.0038669944692398955,44[&amp;type=&quot;I&quot;,time=0.1]:0.0038669944692398955)[&amp;type=&quot;I&quot;,reaction=&quot;Birth&quot;,time=0.09613300553076011]:0.002884869838265719)[&amp;type=&quot;I&quot;,reaction=&quot;Birth&quot;,time=0.09324813569249439]:0.005760613711263074)[&amp;type=&quot;I&quot;,reaction=&quot;Birth&quot;,time=0.08748752198123132]:0.03433567987543077,((45[&amp;type=&quot;I&quot;,time=0.1]:0.015610333133074208,(46[&amp;type=&quot;I&quot;,time=0.1]:0.009041474431987079,(47[&amp;type=&quot;I&quot;,time=0.1]:0.005962521180825686,48[&amp;type=&quot;I&quot;,time=0.1]:0.005962521180825686)[&amp;type=&quot;I&quot;,reaction=&quot;Birth&quot;,time=0.09403747881917432]:0.0030789532511613926)[&amp;type=&quot;I&quot;,reaction=&quot;Birth&quot;,time=0.09095852556801293]:0.00656885870108713)[&amp;type=&quot;I&quot;,reaction=&quot;Birth&quot;,time=0.0843896668669258]:0.003275612987298171,((49[&amp;type=&quot;I&quot;,time=0.1]:0.01173503393134201,50[&amp;type=&quot;I&quot;,time=0.1]:0.01173503393134201)[&amp;type=&quot;I&quot;,reaction=&quot;Birth&quot;,time=0.088264966068658]:0.004015862823170388,51[&amp;type=&quot;I&quot;,time=0.1]:0.015750896754512397)[&amp;type=&quot;I&quot;,reaction=&quot;Birth&quot;,time=0.08424910324548761]:0.003135049365859982)[&amp;type=&quot;I&quot;,reaction=&quot;Birth&quot;,time=0.08111405387962763]:0.02796221177382708)[&amp;type=&quot;I&quot;,reaction=&quot;Birth&quot;,time=0.05315184210580055]:6.129403407577338E-5,(((((52[&amp;type=&quot;I&quot;,time=0.1]:0.007905965503880064,53[&amp;type=&quot;I&quot;,time=0.1]:0.007905965503880064)[&amp;type=&quot;I&quot;,reaction=&quot;Birth&quot;,time=0.09209403449611994]:0.006765850306685306,(((54[&amp;type=&quot;I&quot;,time=0.1]:0.0035769768969509674,((55[&amp;type=&quot;I&quot;,time=0.1]:5.101027696244598E-4,56[&amp;type=&quot;I&quot;,time=0.1]:5.101027696244598E-4)[&amp;type=&quot;I&quot;,reaction=&quot;Birth&quot;,time=0.09948989723037555]:6.946941978216714E-4,(57[&amp;type=&quot;I&quot;,time=0.1]:0.0011194485184329306,58[&amp;type=&quot;I&quot;,time=0.1]:0.0011194485184329306)[&amp;type=&quot;I&quot;,reaction=&quot;Birth&quot;,time=0.09888055148156707]:8.53484490132006E-5)[&amp;type=&quot;I&quot;,reaction=&quot;Birth&quot;,time=0.09879520303255387]:0.0023721799295048362)[&amp;type=&quot;I&quot;,reaction=&quot;Birth&quot;,time=0.09642302310304904]:0.00468456449220174,59[&amp;type=&quot;I&quot;,time=0.1]:0.008261541389152707)[&amp;type=&quot;I&quot;,reaction=&quot;Birth&quot;,time=0.0917384586108473]:0.0035490489628774574,(((60[&amp;type=&quot;I&quot;,time=0.1]:0.003050461105114019,61[&amp;type=&quot;I&quot;,time=0.1]:0.003050461105114019)[&amp;type=&quot;I&quot;,reaction=&quot;Birth&quot;,time=0.09694953889488599]:7.423480146622752E-4,(62[&amp;type=&quot;I&quot;,time=0.1]:0.002657429756282692,63[&amp;type=&quot;I&quot;,time=0.1]:0.002657429756282692)[&amp;type=&quot;I&quot;,reaction=&quot;Birth&quot;,time=0.09734257024371731]:0.0011353793634936021)[&amp;type=&quot;I&quot;,reaction=&quot;Birth&quot;,time=0.09620719088022371]:0.0075570742254226775,64[&amp;type=&quot;I&quot;,time=0.1]:0.011349883345198972)[&amp;type=&quot;I&quot;,reaction=&quot;Birth&quot;,time=0.08865011665480103]:4.6070700683119303E-4)[&amp;type=&quot;I&quot;,reaction=&quot;Birth&quot;,time=0.08818940964796984]:0.002861225458535205)[&amp;type=&quot;I&quot;,reaction=&quot;Birth&quot;,time=0.08532818418943464]:0.004770559559136162,65[&amp;type=&quot;I&quot;,time=0.1]:0.01944237536970153)[&amp;type=&quot;I&quot;,reaction=&quot;Birth&quot;,time=0.08055762463029847]:0.012719956895214685,((66[&amp;type=&quot;I&quot;,time=0.1]:0.004486567864106644,67[&amp;type=&quot;I&quot;,time=0.1]:0.004486567864106644)[&amp;type=&quot;I&quot;,reaction=&quot;Birth&quot;,time=0.09551343213589336]:0.007499696526642702,((68[&amp;type=&quot;I&quot;,time=0.1]:0.0026223562533600753,(69[&amp;type=&quot;I&quot;,time=0.1]:0.0011305705368495345,70[&amp;type=&quot;I&quot;,time=0.1]:0.0011305705368495345)[&amp;type=&quot;I&quot;,reaction=&quot;Birth&quot;,time=0.09886942946315047]:0.0014917857165105408)[&amp;type=&quot;I&quot;,reaction=&quot;Birth&quot;,time=0.09737764374663993]:0.005948943273838575,71[&amp;type=&quot;I&quot;,time=0.1]:0.00857129952719865)[&amp;type=&quot;I&quot;,reaction=&quot;Birth&quot;,time=0.09142870047280136]:0.0034149648635506957)[&amp;type=&quot;I&quot;,reaction=&quot;Birth&quot;,time=0.08801373560925066]:0.02017606787416687)[&amp;type=&quot;I&quot;,reaction=&quot;Birth&quot;,time=0.06783766773508379]:0.014735688377885928,((((72[&amp;type=&quot;I&quot;,time=0.1]:0.007598890958162255,(73[&amp;type=&quot;I&quot;,time=0.1]:8.969972131557119E-4,74[&amp;type=&quot;I&quot;,time=0.1]:8.969972131557119E-4)[&amp;type=&quot;I&quot;,reaction=&quot;Birth&quot;,time=0.0991030027868443]:0.006701893745006543)[&amp;type=&quot;I&quot;,reaction=&quot;Birth&quot;,time=0.09240110904183775]:0.005460315065875576,(75[&amp;type=&quot;I&quot;,time=0.1]:0.0024264075285568565,76[&amp;type=&quot;I&quot;,time=0.1]:0.0024264075285568565)[&amp;type=&quot;I&quot;,reaction=&quot;Birth&quot;,time=0.09757359247144315]:0.010632798495480975)[&amp;type=&quot;I&quot;,reaction=&quot;Birth&quot;,time=0.08694079397596217]:0.02536986492917969,(((((77[&amp;type=&quot;I&quot;,time=0.1]:0.013236307453628221,(78[&amp;type=&quot;I&quot;,time=0.1]:0.008878995867422801,(79[&amp;type=&quot;I&quot;,time=0.1]:0.0025671658759438137,(80[&amp;type=&quot;I&quot;,time=0.1]:0.001959812127605029,81[&amp;type=&quot;I&quot;,time=0.1]:0.001959812127605029)[&amp;type=&quot;I&quot;,reaction=&quot;Birth&quot;,time=0.09804018787239498]:6.073537483387847E-4)[&amp;type=&quot;I&quot;,reaction=&quot;Birth&quot;,time=0.09743283412405619]:0.006311829991478987)[&amp;type=&quot;I&quot;,reaction=&quot;Birth&quot;,time=0.0911210041325772]:0.00435731158620542)[&amp;type=&quot;I&quot;,reaction=&quot;Birth&quot;,time=0.08676369254637178]:0.0010560228449672665,82[&amp;type=&quot;I&quot;,time=0.1]:0.014292330298595488)[&amp;type=&quot;I&quot;,reaction=&quot;Birth&quot;,time=0.08570766970140452]:0.003463670470084057,((83[&amp;type=&quot;I&quot;,time=0.1]:0.007140369546157599,(84[&amp;type=&quot;I&quot;,time=0.1]:0.005479908876719716,85[&amp;type=&quot;I&quot;,time=0.1]:0.005479908876719716)[&amp;type=&quot;I&quot;,reaction=&quot;Birth&quot;,time=0.09452009112328029]:0.0016604606694378826)[&amp;type=&quot;I&quot;,reaction=&quot;Birth&quot;,time=0.0928596304538424]:0.0030892661815745404,(((86[&amp;type=&quot;I&quot;,time=0.1]:0.0027271252234447457,87[&amp;type=&quot;I&quot;,time=0.1]:0.0027271252234447457)[&amp;type=&quot;I&quot;,reaction=&quot;Birth&quot;,time=0.09727287477655526]:0.002563974719092907,88[&amp;type=&quot;I&quot;,time=0.1]:0.005291099942537653)[&amp;type=&quot;I&quot;,reaction=&quot;Birth&quot;,time=0.09470890005746235]:4.755232459129899E-4,89[&amp;type=&quot;I&quot;,time=0.1]:0.0057666231884506425)[&amp;type=&quot;I&quot;,reaction=&quot;Birth&quot;,time=0.09423337681154936]:0.004463012539281497)[&amp;type=&quot;I&quot;,reaction=&quot;Birth&quot;,time=0.08977036427226787]:0.007526365040947405)[&amp;type=&quot;I&quot;,reaction=&quot;Birth&quot;,time=0.08224399923132046]:0.006989693141099401,(((90[&amp;type=&quot;I&quot;,time=0.1]:0.009030201633461396,(91[&amp;type=&quot;I&quot;,time=0.1]:0.008923818641418252,(92[&amp;type=&quot;I&quot;,time=0.1]:0.001353782795217931,93[&amp;type=&quot;I&quot;,time=0.1]:0.001353782795217931)[&amp;type=&quot;I&quot;,reaction=&quot;Birth&quot;,time=0.09864621720478207]:0.007570035846200321)[&amp;type=&quot;I&quot;,reaction=&quot;Birth&quot;,time=0.09107618135858175]:1.0638299204314416E-4)[&amp;type=&quot;I&quot;,reaction=&quot;Birth&quot;,time=0.09096979836653861]:0.0018029877581306614,94[&amp;type=&quot;I&quot;,time=0.1]:0.010833189391592057)[&amp;type=&quot;I&quot;,reaction=&quot;Birth&quot;,time=0.08916681060840795]:0.0027062164264083366,(95[&amp;type=&quot;I&quot;,time=0.1]:0.001283859439965493,96[&amp;type=&quot;I&quot;,time=0.1]:0.001283859439965493)[&amp;type=&quot;I&quot;,reaction=&quot;Birth&quot;,time=0.09871614056003451]:0.012255546378034901)[&amp;type=&quot;I&quot;,reaction=&quot;Birth&quot;,time=0.08646059418199961]:0.011206288091778552)[&amp;type=&quot;I&quot;,reaction=&quot;Birth&quot;,time=0.07525430609022106]:0.008024837139783053,((97[&amp;type=&quot;I&quot;,time=0.1]:0.013017795893384213,98[&amp;type=&quot;I&quot;,time=0.1]:0.013017795893384213)[&amp;type=&quot;I&quot;,reaction=&quot;Birth&quot;,time=0.08698220410661579]:0.011120919774676843,99[&amp;type=&quot;I&quot;,time=0.1]:0.024138715668061056)[&amp;type=&quot;I&quot;,reaction=&quot;Birth&quot;,time=0.07586128433193895]:0.008631815381500943)[&amp;type=&quot;I&quot;,reaction=&quot;Birth&quot;,time=0.067229468950438]:0.0056585399036555226)[&amp;type=&quot;I&quot;,reaction=&quot;Birth&quot;,time=0.061570929046782484]:0.004258420277938983,100[&amp;type=&quot;I&quot;,time=0.1]:0.042687491231156505)[&amp;type=&quot;I&quot;,reaction=&quot;Birth&quot;,time=0.0573125087688435]:0.004210529411645639)[&amp;type=&quot;I&quot;,reaction=&quot;Birth&quot;,time=0.05310197935719786]:1.1431285473088859E-5)[&amp;type=&quot;I&quot;,reaction=&quot;Birth&quot;,time=0.05309054807172477]:0.009335542794468979)[&amp;type=&quot;I&quot;,reaction=&quot;Birth&quot;,time=0.043755005277255794]:0.0" spec="beast.util.TreeParser">
#                <taxonset id="TaxonSet.1" spec="beast.evolution.alignment.TaxonSet">
#                    <taxon id="1" spec="beast.evolution.alignment.Taxon"/>
#                    <taxon id="10" spec="beast.evolution.alignment.Taxon"/>
#                    <taxon id="100" spec="beast.evolution.alignment.Taxon"/>
#                    <taxon id="11" spec="beast.evolution.alignment.Taxon"/>
#                    <taxon id="12" spec="beast.evolution.alignment.Taxon"/>
#                    <taxon id="13" spec="beast.evolution.alignment.Taxon"/>
#                    <taxon id="14" spec="beast.evolution.alignment.Taxon"/>
#                    <taxon id="15" spec="beast.evolution.alignment.Taxon"/>
#                    <taxon id="16" spec="beast.evolution.alignment.Taxon"/>
#                    <taxon id="17" spec="beast.evolution.alignment.Taxon"/>
#                    <taxon id="18" spec="beast.evolution.alignment.Taxon"/>
#                    <taxon id="19" spec="beast.evolution.alignment.Taxon"/>
#                    <taxon id="2" spec="beast.evolution.alignment.Taxon"/>
#                    <taxon id="20" spec="beast.evolution.alignment.Taxon"/>
#                    <taxon id="21" spec="beast.evolution.alignment.Taxon"/>
#                    <taxon id="22" spec="beast.evolution.alignment.Taxon"/>
#                    <taxon id="23" spec="beast.evolution.alignment.Taxon"/>
#                    <taxon id="24" spec="beast.evolution.alignment.Taxon"/>
#                    <taxon id="25" spec="beast.evolution.alignment.Taxon"/>
#                    <taxon id="26" spec="beast.evolution.alignment.Taxon"/>
#                    <taxon id="27" spec="beast.evolution.alignment.Taxon"/>
#                    <taxon id="28" spec="beast.evolution.alignment.Taxon"/>
#                    <taxon id="29" spec="beast.evolution.alignment.Taxon"/>
#                    <taxon id="3" spec="beast.evolution.alignment.Taxon"/>
#                    <taxon id="30" spec="beast.evolution.alignment.Taxon"/>
#                    <taxon id="31" spec="beast.evolution.alignment.Taxon"/>
#                    <taxon id="32" spec="beast.evolution.alignment.Taxon"/>
#                    <taxon id="33" spec="beast.evolution.alignment.Taxon"/>
#                    <taxon id="34" spec="beast.evolution.alignment.Taxon"/>
#                    <taxon id="35" spec="beast.evolution.alignment.Taxon"/>
#                    <taxon id="36" spec="beast.evolution.alignment.Taxon"/>
#                    <taxon id="37" spec="beast.evolution.alignment.Taxon"/>
#                    <taxon id="38" spec="beast.evolution.alignment.Taxon"/>
#                    <taxon id="39" spec="beast.evolution.alignment.Taxon"/>
#                    <taxon id="4" spec="beast.evolution.alignment.Taxon"/>
#                    <taxon id="40" spec="beast.evolution.alignment.Taxon"/>
#                    <taxon id="41" spec="beast.evolution.alignment.Taxon"/>
#                    <taxon id="42" spec="beast.evolution.alignment.Taxon"/>
#                    <taxon id="43" spec="beast.evolution.alignment.Taxon"/>
#                    <taxon id="44" spec="beast.evolution.alignment.Taxon"/>
#                    <taxon id="45" spec="beast.evolution.alignment.Taxon"/>
#                    <taxon id="46" spec="beast.evolution.alignment.Taxon"/>
#                    <taxon id="47" spec="beast.evolution.alignment.Taxon"/>
#                    <taxon id="48" spec="beast.evolution.alignment.Taxon"/>
#                    <taxon id="49" spec="beast.evolution.alignment.Taxon"/>
#                    <taxon id="5" spec="beast.evolution.alignment.Taxon"/>
#                    <taxon id="50" spec="beast.evolution.alignment.Taxon"/>
#                    <taxon id="51" spec="beast.evolution.alignment.Taxon"/>
#                    <taxon id="52" spec="beast.evolution.alignment.Taxon"/>
#                    <taxon id="53" spec="beast.evolution.alignment.Taxon"/>
#                    <taxon id="54" spec="beast.evolution.alignment.Taxon"/>
#                    <taxon id="55" spec="beast.evolution.alignment.Taxon"/>
#                    <taxon id="56" spec="beast.evolution.alignment.Taxon"/>
#                    <taxon id="57" spec="beast.evolution.alignment.Taxon"/>
#                    <taxon id="58" spec="beast.evolution.alignment.Taxon"/>
#                    <taxon id="59" spec="beast.evolution.alignment.Taxon"/>
#                    <taxon id="6" spec="beast.evolution.alignment.Taxon"/>
#                    <taxon id="60" spec="beast.evolution.alignment.Taxon"/>
#                    <taxon id="61" spec="beast.evolution.alignment.Taxon"/>
#                    <taxon id="62" spec="beast.evolution.alignment.Taxon"/>
#                    <taxon id="63" spec="beast.evolution.alignment.Taxon"/>
#                    <taxon id="64" spec="beast.evolution.alignment.Taxon"/>
#                    <taxon id="65" spec="beast.evolution.alignment.Taxon"/>
#                    <taxon id="66" spec="beast.evolution.alignment.Taxon"/>
#                    <taxon id="67" spec="beast.evolution.alignment.Taxon"/>
#                    <taxon id="68" spec="beast.evolution.alignment.Taxon"/>
#                    <taxon id="69" spec="beast.evolution.alignment.Taxon"/>
#                    <taxon id="7" spec="beast.evolution.alignment.Taxon"/>
#                    <taxon id="70" spec="beast.evolution.alignment.Taxon"/>
#                    <taxon id="71" spec="beast.evolution.alignment.Taxon"/>
#                    <taxon id="72" spec="beast.evolution.alignment.Taxon"/>
#                    <taxon id="73" spec="beast.evolution.alignment.Taxon"/>
#                    <taxon id="74" spec="beast.evolution.alignment.Taxon"/>
#                    <taxon id="75" spec="beast.evolution.alignment.Taxon"/>
#                    <taxon id="76" spec="beast.evolution.alignment.Taxon"/>
#                    <taxon id="77" spec="beast.evolution.alignment.Taxon"/>
#                    <taxon id="78" spec="beast.evolution.alignment.Taxon"/>
#                    <taxon id="79" spec="beast.evolution.alignment.Taxon"/>
#                    <taxon id="8" spec="beast.evolution.alignment.Taxon"/>
#                    <taxon id="80" spec="beast.evolution.alignment.Taxon"/>
#                    <taxon id="81" spec="beast.evolution.alignment.Taxon"/>
#                    <taxon id="82" spec="beast.evolution.alignment.Taxon"/>
#                    <taxon id="83" spec="beast.evolution.alignment.Taxon"/>
#                    <taxon id="84" spec="beast.evolution.alignment.Taxon"/>
#                    <taxon id="85" spec="beast.evolution.alignment.Taxon"/>
#                    <taxon id="86" spec="beast.evolution.alignment.Taxon"/>
#                    <taxon id="87" spec="beast.evolution.alignment.Taxon"/>
#                    <taxon id="88" spec="beast.evolution.alignment.Taxon"/>
#                    <taxon id="89" spec="beast.evolution.alignment.Taxon"/>
#                    <taxon id="9" spec="beast.evolution.alignment.Taxon"/>
#                    <taxon id="90" spec="beast.evolution.alignment.Taxon"/>
#                    <taxon id="91" spec="beast.evolution.alignment.Taxon"/>
#                    <taxon id="92" spec="beast.evolution.alignment.Taxon"/>
#                    <taxon id="93" spec="beast.evolution.alignment.Taxon"/>
#                    <taxon id="94" spec="beast.evolution.alignment.Taxon"/>
#                    <taxon id="95" spec="beast.evolution.alignment.Taxon"/>
#                    <taxon id="96" spec="beast.evolution.alignment.Taxon"/>
#                    <taxon id="97" spec="beast.evolution.alignment.Taxon"/>
#                    <taxon id="98" spec="beast.evolution.alignment.Taxon"/>
#                    <taxon id="99" spec="beast.evolution.alignment.Taxon"/>
#                </taxonset>
#            </tree>
#        </distribution>
#        <prior id="becomeUninfectiousRatePriorContemp.t:BD_R2.55_p0.7_n100_rep1.nexus" name="distribution" x="@becomeUninfectiousRate.t:BD_R2.55_p0.7_n100_rep1.nexus">
#            <LogNormal id="LogNormalDistributionModel.0" name="distr">
#                <parameter estimate="false" id="RealParameter.6" name="M">0.0</parameter>
#                <parameter estimate="false" id="RealParameter.7" name="S">1.0</parameter>
#            </LogNormal>
#        </prior>
#        <prior id="originPriorContemp.t:BD_R2.55_p0.7_n100_rep1.nexus" name="distribution" x="@origin.t:BD_R2.55_p0.7_n100_rep1.nexus">
#            <Uniform id="Uniform.1" name="distr" upper="Infinity"/>
#        </prior>
#        <prior id="reproductiveNumberPriorContemp.t:BD_R2.55_p0.7_n100_rep1.nexus" name="distribution" x="@reproductiveNumber.t:BD_R2.55_p0.7_n100_rep1.nexus">
#            <LogNormal id="LogNormalDistributionModel.1" name="distr">
#                <parameter estimate="false" id="RealParameter.8" name="M">0.0</parameter>
#                <parameter estimate="false" id="RealParameter.9" name="S">1.0</parameter>
#            </LogNormal>
#        </prior>
#        <prior id="rhoPriorContemp.t:BD_R2.55_p0.7_n100_rep1.nexus" name="distribution" x="@rho.t:BD_R2.55_p0.7_n100_rep1.nexus">
#            <Beta id="Beta.0" name="distr">
#                <parameter estimate="false" id="RealParameter.4" name="alpha">1.0</parameter>
#                <parameter estimate="false" id="RealParameter.5" name="beta">1.0</parameter>
#            </Beta>
#        </prior>
#    </distribution>
#    <distribution id="likelihood" spec="beast.core.util.CompoundDistribution" useThreads="true">
#        <distribution data="@BD_R2.55_p0.7_n100_rep1.nexus" id="treeLikelihood.BD_R2.55_p0.7_n100_rep1.nexus" spec="beast.evolution.likelihood.FixedTreeLikelihood" tree="@Tree.t:BD_R2.55_p0.7_n100_rep1.nexus">
#            <siteModel id="FixedSiteModel.s:BD_R2.55_p0.7_n100_rep1.nexus" spec="beast.evolution.sitemodel.FixedSiteModel">
#                <parameter id="RealParameter.0" lower="0.0" name="mutationRate" upper="0.0">1.0</parameter>
#                <parameter id="RealParameter.1" lower="0.0" name="shape" upper="0.0">1.0</parameter>
#                <parameter id="RealParameter.2" lower="0.0" name="proportionInvariant" upper="0.0">0.0</parameter>
#            </siteModel>
#            <branchRateModel id="FixedClock.c:BD_R2.55_p0.7_n100_rep1.nexus" spec="beast.evolution.branchratemodel.FixedClockModel">
#                <parameter estimate="false" id="RealParameter.3" name="clock.rate">1.0</parameter>
#            </branchRateModel>
#        </distribution>
#    </distribution>
#</input>
#
Sample	posterior	likelihood	prior	BirthDeathSkyContemporary	origin	rho	becomeUninfectiousRate	reproductiveNumber.1	reproductiveNumber.2	reproductiveNumber.3	reproductiveNumber.4	reproductiveNumber.5	reproductiveNumber.6	reproductiveNumber.7	reproductiveNumber.8	reproductiveNumber.9	reproductiveNumber.10	birth._0	birth._1	birth._2	birth._3	birth._4	birth._5	birth._6	birth._7	birth._8	birth._9	death	sampling
0	-988.4699277895262	0.0	-988.4699277895262	-969.0278670490843	1000.0	0.7	1.0	2.0	2.0	2.0	2.0	2.0	2.0	2.0	2.0	2.0	2.0	2.0	2.0	2.0	2.0	2.0	2.0	2.0	2.0	2.0	2.0	1.0	0.0
100	-10.287606106311422	0.0	-10.287606106311422	0.43024206253718944	705.4352937067032	0.7	1.5814555443960858	1.1287010223882246	0.8799374476692874	1.132519562794312	1.0114726307075312	0.9096050331501363	0.9716708174955041	0.9542082026553766	1.131088887775716	0.9013623431441857	1.025853970773211	1.7849904898213884	1.391581955338335	1.791029341718096	1.59959899983732	1.4384999228858686	1.5366542016561422	1.5090378525975692	1.788766792777708	1.4254644750752197	1.6223424498200347	1.5814555443960858	0.0
200	42.87706771361691	0.0	42.87706771361691	54.30094156179747	459.2863106797103	0.7	2.711747625953815	0.8622573042046447	0.9792392455189406	1.0412211045865054	1.0114726307075312	0.9519869172797797	0.9716708174955041	0.9542082026553766	1.131088887775716	0.8666344013687416	1.0498963252270128	2.3382241976382816	2.655449699276792	2.823528858455465	2.7428585050384076	2.5815482628725333	2.634926032552036	2.587571828216374	3.067227606168539	2.3500937804815907	2.8470538674319865	2.711747625953815	0.0
300	57.88757847483026	0.0	57.88757847483026	69.89074153803193	445.81390736164093	0.7	3.280638896392433	1.0505567635103437	1.0073089153770185	0.9825413520296608	1.0143966472504946	0.9530529465170439	0.9759130308197203	0.955276719274675	1.1433179520292287	0.867604853370874	1.0510719928317593	3.44649738124018	3.3046168084687206	3.223363376782515	3.327869097340047	3.126622566665231	3.2016182484034013	3.1339179620706537	3.7508133443708256	2.846298228667343	3.448187662592578	3.280638896392433	0.0
400	83.87060459188987	0.0	83.87060459188987	96.36349308281551	317.7404675755584	0.7	4.257293775118676	0.8975863876388571	1.0121866955300114	1.0015366772374157	1.0653592568540342	0.9505336233803975	0.97085831864126	0.9503288922509274	1.1373961710984832	0.8631111201385784	1.0374180944682971	3.821288940726165	4.309176118137859	4.263835861555892	4.535547332469738	4.046700877858366	4.13322907647362	4.0458292772953	4.842229639061389	3.674517599001677	4.4165935957753595	4.257293775118676	0.0
500	86.23734674950802	0.0	86.23734674950802	98.95362226341025	317.7404675755584	0.7	4.403543758441696	1.04064034371927	0.9942293312833638	1.0015366772374157	1.0681635886465788	0.9615289882849433	0.97085831864126	0.9503288922509274	1.1427482106686482	0.8631111201385784	1.033553495464636	4.582505290367612	4.378132366232518	4.410310583899258	4.703705103779325	4.23413497492292	4.27521708938392	4.184814861938382	5.032141750560342	3.8007475859278577	4.551298043968895	4.403543758441696	0.0
600	99.72081381538077	0.0	99.72081381538077	112.8527077457227	256.7044603639572	0.7	5.147210359701187	1.0522147992065884	0.9512996569628376	1.0606856386728107	1.0428952559346631	0.9615289882849433	1.0170326429981824	0.9176170381704488	1.1427482106686482	0.8631111201385784	1.033553495464636	5.4159709151070565	4.896539449499303	5.459572107762962	5.368001265430119	4.949191969653262	5.234880956194524	4.723167925109254	5.881965428483661	4.4426144991505865	5.319917259160948	5.147210359701187	0.0
700	133.41435157210563	0.0	133.41435157210563	147.6518651911348	186.42784143823923	0.7	7.604417266438574	1.0735861937182776	0.9512996569628376	1.0143914487002967	0.9855065935272767	1.0038565493161813	1.0079417988699455	0.9442866972771765	1.1388030608627686	0.8631111201385784	1.059713893655654	8.163997388521338	7.234079536965295	7.713855847424176	7.494203356007884	7.633744076647415	7.66481001889177	7.180750065242816	8.659933659097936	6.563457104836944	8.058506630399906	7.604417266438574	0.0
800	158.08479485246542	0.0	158.08479485246542	173.1085613618858	137.63387356736203	0.7	10.170544608012646	0.9374099903965378	1.029997909510012	0.9597067302411749	0.9855065935272767	0.9989825072344497	1.0079417988699455	0.9245105696011328	1.1388030608627686	0.8631111201385784	1.059713893655654	9.533970123324695	10.47563968483135	9.760740110527829	10.023138770959754	10.160196152452286	10.251317027687291	9.402775988707502	11.582247330246128	8.778310149041173	10.777867427155599	10.170544608012646	0.0
900	181.5645042561943	0.0	181.5645042561943	197.45593015159324	73.79172659376236	0.7	13.619548837428251	0.7175831237063367	1.107956359253888	0.9597067302411749	0.9855065935272767	0.9376132969461434	1.0079417988699455	1.0058358600220647	1.1388030608627686	0.8631111201385784	1.031936837391517	9.773158398232772	15.089865744597526	13.070772682128263	13.422155180152297	12.769870088380117	13.727712554994506	13.699030618007157	15.509983903633254	11.755184052854771	14.054514153995022	13.619548837428251	0.0
1000	204.57661871186502	0.0	204.57661871186502	221.8154528548519	43.63359157663691	0.7	18.02138992036627	0.7176550520832594	1.1217836673708126	0.9597067302411749	0.9828070197339099	0.9418633083426099	0.9921389590960739	0.9472568380751769	1.1388030608627686	0.8631111201385784	1.3943746302744682	12.933141521913182	20.216100875987873	17.295249194875982	17.7115485190979	16.97368593132834	17.87972303705667	17.07088483368602	20.522814002314554	15.554462040621418	25.128568907242748	18.02138992036627	0.0
1100	234.30327353504515	0.0	234.30327353504515	253.5350755236957	35.135158895660496	0.7	29.401506731591873	0.8531361894521381	1.0753814365815213	0.9597067302411749	1.0760806627944495	0.9418633083426099	0.9921389590960739	0.9425482325172277	1.1388030608627686	0.8631111201385784	1.1840398807695356	25.083489417141678	31.617834546680537	28.21682388953993	31.63839285088685	27.692200400474636	29.17038028453777	27.71233820320529	33.48252585991412	25.376767408866215	34.81255652491874	29.401506731591873	0.0
1200	254.75503574370944	0.0	254.75503574370944	275.4050139703464	32.501838305285325	0.7	40.47264678889581	1.0346201816689	1.047307141808392	0.933949808876309	1.0487523899086537	0.9418633083426099	0.985939959051205	0.9589532323451017	1.1388030608627686	0.8631111201385784	1.040227177458989	41.873817173348606	42.38729202989906	37.7994207332076	42.44578504578328	38.119701001971315	39.90359971773782	38.81137545977324	46.09037404441225	34.9323915049369	42.1007471335077	40.47264678889581	0.0
1300	266.50954257845257	0.0	266.50954257845257	287.93904093090896	23.812667404198912	0.7	49.64881957036551	0.7674364486914521	1.1268334385457168	0.933949808876309	1.0487523899086537	0.9418633083426099	1.0015797858883613	0.9589532323451017	1.099903876638937	0.8693166019859695	1.040227177458989	38.102313772803974	55.94595007621085	46.36950554867722	52.069318180564366	46.762401455849776	49.72725407489657	47.61089600912075	54.608929115992154	43.16054312152465	51.64605144585193	49.64881957036551	0.0
1400	265.2098795182878	0.0	265.2098795182878	287.22250313934967	24.624849615569232	0.7	52.700048264954205	1.0419890904951463	1.0599551328636951	0.933949808876309	1.0368480575487111	0.9418633083426099	1.0015797858883613	0.9784169159648365	1.099903876638937	0.8726649338801096	1.1133369089202638	54.91287536064995	55.859686660602684	49.219200004826234	54.641942676241094	49.63624180864499	52.783303057519134	51.562618694594526	57.96498738568222	45.98948413461484	58.67290883525283	52.700048264954205	0.0
1500	278.799201755604	0.0	278.799201755604	302.1204085717393	14.613260960723427	0.7	71.1079544110681	0.7682706208713412	1.1423615125713356	0.8771686679820961	1.0368480575487111	0.9381752024282872	1.0266226966308825	1.015919848073799	1.0837152744875782	0.8846031233971455	1.0803201170526608	54.630152284282325	81.23099035688134	62.37366965368823	73.72814440737827	66.71171952386524	73.0010399093966	72.23998224213094	77.06077633284087	62.90231857041268	76.81935363274037	71.1079544110681	0.0
1600	288.5969074806144	0.0	288.5969074806144	313.8486734801161	14.479505519694078	0.7	101.47078340027569	0.7977815938760272	1.1423615125713356	0.909244587614508	1.0368480575487111	0.9381752024282872	1.0266226966308825	1.015919848073799	1.0837152744875782	0.869254981679361	1.0306732135088068	80.95152331292107	115.91631760693731	92.26176060770473	105.20978466652186	95.19737275711053	104.17220928363922	103.08618285593745	109.96543788509936	88.20398396559706	104.58321840441823	101.47078340027569	0.0
1700	290.1774963643064	0.0	290.1774963643064	315.704603287653	12.17493591146305	0.7	106.293501925261	0.8007108605176033	1.1423615125713356	0.909244587614508	1.019064904086478	0.9381752024282872	1.0266226966308825	1.015919848073799	1.0837152744875782	0.8583117196430206	1.069785601570717	85.11036139400525	121.42560563584532	96.64679132413585	108.31997734448197	99.72192768554328	109.12332158085134	107.98567832714322	115.19189161518014	91.23295842434948	113.7112579001735	106.293501925261	0.0
1800	291.56394064001836	0.0	291.56394064001836	316.926116492155	10.988504485113392	0.7	104.6878857503669	0.8147587475544602	1.06008606802092	0.9190409733152151	1.019557806585954	0.9381752024282872	1.010462142469495	1.015919848073799	1.0965534380404038	0.840587185601163	1.069785601570717	85.29537067809336	110.97816917452975	96.21245641432922	106.73535117176503	98.21557840563987	105.78314532591746	106.35450098667997	114.79586104074583	87.99929524943701	111.99359283462275	104.6878857503669	0.0
1900	296.4023226013089	0.0	296.4023226013089	323.0702483151176	6.706544178770056	0.7	128.31331261311365	0.9018203406480804	1.1113928106727613	0.9834989416730345	0.9680070226818059	0.9533890520598711	0.9660109852069643	1.015919848073799	1.0965534380404038	0.855350692924378	1.069785601570717	115.71555529044178	142.60649315182104	126.19600715755851	124.20818771305996	122.33250747887833	123.95206953256312	130.3560410557603	140.7024040922629	109.7528808550491	137.26773432335125	128.31331261311365	0.0
2000	298.5433006743292	0.0	298.5433006743292	326.82231786488984	4.67934943442111	0.7	165.2296614085748	1.017998819998824	1.0559077659907004	0.9838381751793842	1.008268219728273	0.9673303297884761	0.9770464032225312	0.9805081742686769	1.0431555675358033	0.9170523219464907	1.069785601570717	168.20360034273435	174.46728265332806	162.55924856571974	166.59581655472905	159.8316628611949	161.43704638492468	162.00903364275334	172.36024122041047	151.52424464916598	176.76031272729807	165.2296614085748	0.0
2100	297.568381804775	0.0	297.568381804775	324.95233894628615	2.151965459965834	0.7	152.53605086212096	0.4816973307796363	0.9027225416630954	1.267243754466314	0.858439133413663	1.0059262200529655	1.2194092692983258	0.6863037521320056	1.0776394470899375	1.0063616468578152	1.0454227726090954	73.4762085479505	137.69773152950503	193.3003577859788	130.94291531642153	153.44001306554023	186.00387432343118	104.68606404207206	164.37886551233862	153.5064313507915	159.4646612151205	152.53605086212096	0.0
2200	310.2020647091493	0.0	310.2020647091493	335.57096582392495	1.247996863023382	0.7	115.11823412721314	0.6092640960339044	0.7076722170966426	1.105384217806822	0.7966566222827118	0.8509022429905995	1.2139712828967175	1.0271862528068774	0.8310135024906866	0.6405783829708742	1.4391170549674637	70.13740685253588	81.46597597305531	127.24987918601211	91.70970356293603	97.95436362796264	139.75023036821761	118.24786754287686	95.66480694259829	73.7422522676727	165.66861407020994	115.11823412721314	0.0
2300	305.443100426455	0.0	305.443100426455	332.96556697903566	0.8571524500583746	0.7	162.83353762551053	0.5223561931852019	0.7290824991024756	0.9311101990707803	1.002680825266572	0.8504525143813381	1.8348487338957267	1.0339390968060758	0.5793306833807212	0.6804355523366177	1.1563039424859434	85.05710683694102	118.71908254970421	151.61596763388852	163.2700658874223	138.48219149922366	298.7749103479302	168.3599608222585	94.3344646298874	110.79772811313967	188.28506152531102	162.83353762551053	0.0
2400	308.16467935279974	0.0	308.16467935279974	333.3995046228189	1.2277423873715752	0.7	103.17510181468063	0.46937363008809535	1.3645690291883275	1.5066484878795618	0.5246202079543134	1.0295819266902595	1.0167437976117535	1.206767612539325	0.4221387642581627	0.725573170257133	1.307525796466792	48.42767207346548	140.7895485196656	155.4486111359084	54.12774336972521	106.22722011282258	104.9026448380377	124.50837129040391	43.5542099822594	74.8610857152803	134.90410717578263	103.17510181468063	0.0
2500	309.7102712473979	0.0	309.7102712473979	337.6751079162358	0.5751662841390586	0.7	159.20812344260824	0.9472691699752589	1.4367189274194379	2.013601482238274	0.4840903886528996	0.9607875549195871	0.6368653064343907	1.097941019569379	0.38604591365059937	0.5760350557644672	1.2663511499017241	150.81294694679806	228.73732434892557	320.58171334841006	77.07112235403103	152.96518364575937	101.39413032312099	174.80112937630486	61.46164547499911	91.70946026541903	201.6133901952426	159.20812344260824	0.0
2600	312.7643216041062	0.0	312.7643216041062	338.0161533358673	0.7394160033743009	0.7	93.06628978696715	0.6166044810774111	1.6446037858222207	2.123559178949871	0.9938314312808237	0.7291030679763673	0.632942122252394	0.9498291726669748	0.38445999434510336	0.5061531496465909	1.6947620350839268	57.38509131989284	153.05717251607405	197.63177392792272	92.49220398297747	67.8549174088554	58.905574967919286	88.39707703153992	35.78026524521714	47.105795701595774	157.7252146770709	93.06628978696715	0.0
2700	312.1421918194071	0.0	312.1421918194071	338.11260642843257	0.5439430265545729	0.7	105.35757715986799	0.8493172638373065	1.5568476134125393	1.2187334764005429	1.3275137932052443	1.0743494536161307	0.4462981310204246	1.2448630029027186	0.4006786890789432	0.5482719389860776	1.5223240619866272	89.48200915794698	164.02569255626793	128.40280627718434	139.86363689841056	113.1908554560235	47.020889775289255	131.15574988178813	42.214535900949514	57.7646031163161	160.38837482307972	105.35757715986799	0.0
2800	316.7463415211307	0.0	316.7463415211307	339.69444869923785	0.567813707871043	0.7	72.21659739123234	0.5088625691545573	1.897588938529667	0.9491938031963683	0.8981491286299991	0.8145084792526006	0.29612995236425355	0.7634413802803892	0.45661182499315156	0.5074445162174154	2.049879459242839	36.74832328410279	137.0374163878529	68.54754673168475	64.86127401955879	58.82103091792998	21.38549754537411	55.13313879151557	32.97495232960627	36.64591632606176	148.03531960869716	72.21659739123234	0.0
2900	316.67438218589774	0.0	316.67438218589774	337.942629548469	0.6743149845522972	0.7	49.95078314626811	0.7814462825308967	1.7240937542638202	0.9829927345226702	0.4736761315009355	0.6073199198475271	0.3838030434627869	1.0725402473379222	0.6401715480373231	0.545241413564257	2.2991449772225363	39.03385379915818	86.11983324306733	49.101256916499	23.660493726166408	30.336105616712754	19.17126259488738	53.57422531042131	31.977070172423083	27.23523561131289	114.84409217907444	49.95078314626811	0.0
3000	316.8450834001039	0.0	316.8450834001039	339.8841386002587	0.5674971915638365	0.7	76.69985412263668	0.3210017784185017	1.86587275769658	1.0981201499026934	0.37682534102173	0.4598121760677145	0.4463919260440439	1.3078348232072898	0.5891603798943433	0.37360600911880365	1.8320061768740108	24.620789577806022	143.1121683267295	84.2256553066645	28.90244868607951	35.26752682820584	34.238195609100984	100.31074015650346	45.18851519273334	28.65552639875271	140.51460651800596	76.69985412263668	0.0
3100	314.7951708624258	0.0	314.7951708624258	339.52123901598355	0.5949343626651596	0.7	92.82167918853872	0.23973119281854532	1.6057765744782022	1.8929106829134412	0.5987639553099221	0.32040195660954324	0.2942114358465996	1.398153022360926	0.49375398934516124	0.4098425745367756	1.7439047725078658	22.25225187128873	149.05087804468636	175.70314814194919	55.57827576943813	29.740247627791128	27.30919951175241	129.77891129807168	45.831074397057726	38.04227597145735	161.87216932908672	92.82167918853872	0.0
3200	315.28455522994665	0.0	315.28455522994665	337.56278734994237	0.47702497496066	0.7	51.021436704778125	0.15636366056405943	1.9336480410480135	1.9567593393916893	0.7140288524218877	0.4304475323652038	0.3419905096442181	0.9479914339893835	0.38450981227035447	0.5391603760111785	2.2132065087698285	7.9778986103965694	98.65750113564944	99.83667278125654	36.43077789922871	21.962051527299177	17.44884714144729	48.36788494596118	19.61824304911801	27.50873699837872	112.92097580180278	51.021436704778125	0.0
3300	315.88291758340773	0.0	315.88291758340773	337.62509307385506	0.4855548968203034	0.7	38.89591050771675	0.2816430430502068	0.9280902246441095	1.8497651358480327	1.194157794852683	0.7062783950219724	0.738095878335822	1.1006530771990664	0.6372701776949704	0.799782801949457	3.14542729428965	10.95476259760186	36.09891432084402	71.9482991842396	46.44785472068233	27.47134124630846	28.70891122986472	42.81090359077794	24.78720380086032	31.108280290237026	122.34425854721987	38.89591050771675	0.0
3400	316.40832747156776	0.0	316.40832747156776	337.9732342907295	0.6693386829970959	0.7	43.60947938451532	0.1914581686288909	1.2006535880059994	1.3759360857722382	1.0576662580318006	0.9099007601879063	0.3377882008796134	0.9250491687634825	0.5790380937022651	0.7801293981281439	2.704979981181162	8.349391057818675	52.35987789409198	60.00385636689512	46.12427487533527	39.68029844336932	14.730767582592021	40.34091265485412	25.25154981015798	34.02103690492363	117.96276872484651	43.60947938451532	0.0
3500	315.84187769271296	0.0	315.84187769271296	335.62458501305673	0.8245958243788778	0.7	41.83434284568894	0.1437269105668939	0.4799267705757562	1.0226618840187744	0.7424137506937241	0.5146773727096652	0.13947402111504506	0.7397259860451966	0.5691988887554028	0.5191656927439493	2.451738044554291	6.012720852807112	20.077421061090483	42.78238787125959	31.058391379875086	21.53118966485456	5.834804017393653	30.945950512080064	23.81206145957868	21.718955583969976	102.56684992370319	41.83434284568894	0.0
3600	315.6976555715338	0.0	315.6976555715338	336.1434559834703	0.8549599687639498	0.7	34.313839387066324	0.22979256738189552	0.879979352715727	1.6214876632531925	0.37480684622721055	0.7505252419792251	0.23108273275299	1.484241225935113	0.7836278254926896	0.4563942072370464	3.165444995784582	7.885065249483978	30.19547017302204	55.639467244979535	12.861061922613368	25.753402609214216	7.929335776810469	50.93001503839989	26.88927934319219	15.660637524319473	108.61857117394497	34.313839387066324	0.0
3700	313.40598341657915	0.0	313.40598341657915	335.34201072651837	0.6173305668473735	0.7	16.279905757012347	0.2214132239149342	1.3079938353254603	2.559013441218968	0.9238252942433184	0.3957657710274787	0.277338841029679	2.985249742453206	1.1048231965984077	0.4143073204625614	6.360287435391007	3.6045864186914014	21.294016369851622	41.660497653972655	15.039788726225424	6.443029454178681	4.515050194722203	48.599584468283574	17.986417518783202	6.744884131570813	103.54488003567536	16.279905757012347	0.0
3800	316.83570246680057	0.0	316.83570246680057	336.69915025889605	0.5772664100291794	0.7	20.529168252744743	0.3849434706843318	0.9971761194702512	2.03059960373511	0.681970873279323	0.42091242814125274	0.4407086480948396	1.947368780094405	0.7819562274911186	0.43590334448801743	4.815102219791205	7.902569277474162	20.47119633422388	41.686520919034876	14.000294801022486	8.640982056983109	9.047381987178637	39.97786133670032	16.052910960446717	8.948733100928662	98.85004362425835	20.529168252744743	0.0
3900	317.43269350108903	0.0	317.43269350108903	337.3580045485295	0.5772664100291794	0.7	22.717832306921355	0.20142345513463594	0.7529658497578381	1.4298502738801526	0.5553608428719469	0.6088787565606854	0.3274022316177883	1.5582907904860501	1.4489383884975462	0.39048089955623416	4.719303171766577	4.575904276429356	17.105751907637107	32.48309874601488	12.61659449819539	13.83240548679244	7.43786899480474	35.40098886368201	32.91673933294812	8.87087959517433	107.21233806171517	22.717832306921355	0.0
4000	312.55728920461195	0.0	312.55728920461195	334.3852256270877	0.4840254825973491	0.7	16.28848110363802	0.28639739903334843	0.8364298406622991	2.174621484089529	0.8941925260577873	0.5046551250205237	0.28462505969332036	1.7153122292382377	2.7583761926631816	0.3820023801051239	7.1357421309319555	4.664978622285774	13.624171654146819	35.42128095115756	14.565038063706616	8.220065467750882	4.636109906436492	27.939830832786242	44.92975849091922	6.2222385498870585	116.23040086011885	16.28848110363802	0.0
4100	315.03320397688157	0.0	315.03320397688157	335.13562761800415	0.5284025776170621	0.7	21.312136391462882	0.28836826336379295	0.8899531379196669	1.6965231884911707	0.6726838334083537	0.44603534643871584	0.3427007142360322	1.486825781162467	1.573468784923099	0.29019590922251387	4.999755873327528	6.145743759778444	18.966802657354318	36.15653358440332	14.33632960593093	9.50596613871531	7.303684363250064	31.68743383847784	33.53398135199046	6.184694797594797	106.5554790963739	21.312136391462882	0.0
4200	312.7547464637198	0.0	312.7547464637198	334.93915793389124	0.660057915041714	0.7	24.646061049786397	0.19642737385728223	0.9880198541755386	1.85453232005188	0.9277164710281428	0.5039880718600235	0.3466336171597054	1.9814007121798707	2.080529272544141	0.15433536312043344	4.206343439823047	4.8411610479357945	24.35079764441138	45.70691677880064	22.864556781852002	12.421320787426271	8.543153290426385	48.83372291647534	51.27685146699058	3.8037587816071547	103.66979721424732	24.646061049786397	0.0
4300	315.3818511106661	0.0	315.3818511106661	337.13188993435784	0.5899908060682989	0.7	37.347144916510686	0.14820514478881602	0.7684076978622102	1.4659663248022798	0.5674191780371721	0.35825798264295633	0.43335335485218773	1.4346514049555152	1.5150419994658006	0.19298993573663636	3.5735986857690714	5.535039019800361	28.69783364702232	54.74965677511532	21.191486270561644	13.37991279526326	16.184510543720734	53.58013392554928	56.58249310864936	7.207623097384243	133.46370799086964	37.347144916510686	0.0
4400	315.30313686031724	0.0	315.30313686031724	336.1694677408826	0.5899908060682989	0.7	19.110658671587064	0.2871202929227945	1.4868829140344026	1.5366036245875285	0.9361128936563979	0.7929120759255361	0.4083122819003165	1.5834764127202972	1.6072220480115602	0.2966360487232296	5.216101159990908	5.487057915733621	28.415311854726202	29.365507383015764	17.8897339887391	15.153072039592448	7.803116650813785	30.261277238006723	30.715071968998043	5.66891027683791	99.68312886505558	19.110658671587064	0.0
4500	314.73792975152287	0.0	314.73792975152287	336.99464210181696	0.7244102972984512	0.7	51.878276059968066	0.19181004403524965	0.8808731575643827	1.080716140428631	0.7544243592583727	0.29859087163949893	0.17063774010679394	1.043809359636401	1.3884034812586328	0.19632422664116922	2.760507132352078	9.950774415535312	45.69818084194079	56.06569027561973	39.13823517597039	15.490379667900415	8.85239178750934	54.1510301131957	72.02797908335604	10.184962426950314	143.2103510776719	51.878276059968066	0.0
4600	314.51675680268517	0.0	314.51675680268517	336.46715783763284	0.7310167364015481	0.7	37.38633248676739	0.20992296523854384	0.7849584055693418	1.0894862875297038	1.0652660684352027	0.2924444774628082	0.1264677312136002	1.353782191540216	1.7675348709576777	0.23566915748259118	3.12495369308691	7.8482497750163125	29.346715938898214	40.73189658535936	39.826391421389985	10.9334264683435	4.728164647998787	50.612951127587124	66.08164636757922	8.810805478520498	116.83055777549887	37.38633248676739	0.0
4700	316.1541125320611	0.0	316.1541125320611	337.95593615304387	0.5649865875526134	0.7	40.69662570032092	0.12785072341101308	0.9568438540081505	0.5611058174556381	1.0098276257412013	0.539541684286526	0.2255304633909405	1.9071321457935384	1.2944290527197386	0.27515530830582996	2.890457172498136	5.203093036173257	38.94031618022222	22.835113431264702	41.09657690663343	21.957525975129474	9.178328852641036	77.6138430984095	52.67889465415618	11.197892591578766	117.63185365196458	40.69662570032092	0.0
4800	315.0228590821911	0.0	315.0228590821911	337.0909799856207	0.5673523499785796	0.7	39.58544649713906	0.13563955079822212	0.7581614090530872	0.349822681863912	1.2558523601390252	0.7315803876617352	0.2979072162773272	2.235265806720793	1.316149877594576	0.3170052502103617	3.129419853159709	5.369352181018997	30.012157894266544	13.847887056409588	49.713476410589195	28.95993629413987	11.79279017105777	88.48399499883033	52.10038056173621	12.548794371514454	123.87948216433844	39.58544649713906	0.0
4900	313.1945771347677	0.0	313.1945771347677	335.08859982389544	0.5173729782460844	0.7	43.74029331935639	0.10789127507958104	0.5736927564209504	0.3484137264620588	1.2051445461031054	1.201785579416742	0.2003139788374776	1.5544779596817007	1.0015091425739948	0.2228899451554098	2.4046282424974144	4.7191960185802415	25.09348944104245	15.239718591940456	52.71337593877245	52.56645375066097	8.761792190318618	67.99332191495225	43.80630365820365	9.749271579032884	105.17914465084534	43.74029331935639	0.0
5000	315.4789479914947	0.0	315.4789479914947	336.8113696568567	0.7034863738648123	0.7	39.562092201661045	0.25332877201990534	0.2866693717946815	0.7279786644478725	1.6017195711266403	1.0810023336896246	0.2479532731988505	1.6336380620181852	1.0046471461741824	0.2843212673190796	2.799580636256992	10.022216235985066	11.34124011833344	28.8003590437288	63.36737735411713	42.76671399563969	9.809550255996573	64.6301396337063	39.745943027078646	11.248344192570544	110.75726725758402	39.562092201661045	0.0
5100	314.6127158615512	0.0	314.6127158615512	337.7070343355007	0.9286777572151673	0.7	71.27616865285155	0.30279520210110034	0.24204425509396	1.2229042926992977	1.336820415279375	1.399915701654598	0.2684195258670632	0.7939751340289823	0.6639020147181132	0.20286134868306713	1.9224093929754351	21.5820818922323	17.251987147530915	87.16393261273129	95.28343737802778	99.78062765090814	19.131915395419245	56.59150555922016	47.32039197001617	14.459179701879219	137.0219761135431	71.27616865285155	0.0
5200	317.09009296254135	0.0	317.09009296254135	339.42288841975954	0.575756619252569	0.7	50.031144054514314	0.24109431105124415	0.39216332043493946	1.3293709879443933	1.2046855587433372	2.0038087882382394	0.12947586079241305	0.4484570929215467	0.6975208589598803	0.39815512459511565	2.4895617178328955	12.06222420692868	19.62037957757711	66.50995139973796	60.27179672988097	100.25284614204912	6.477825442887459	22.436821418226614	34.89776657565033	19.920156394661326	124.55562093750171	50.031144054514314	0.0
5300	311.6355798978097	0.0	311.6355798978097	332.38295348194356	0.7311922275622014	0.7	31.72978852185796	0.5001193378721093	0.6352198718233906	1.333640206193772	2.002926952982482	1.48772718503028	0.19976656910196167	0.5126017685083618	0.9827381716665438	0.3332412704398334	2.771160253803584	15.868680826373655	20.1553921978379	42.31612170677543	63.55244864286349	47.205268959229834	6.338550991342368	16.26474571070071	31.182074359336777	10.57367503781119	87.92832881336595	31.72978852185796	0.0
5400	313.8192431917341	0.0	313.8192431917341	336.883801787002	0.6396876351293471	0.7	39.216181012288644	0.5101707893055396	0.5211261898667922	2.4101460401669232	1.192768933111066	2.2391084908568963	0.11134251208025987	0.4168513001596918	0.9069556615118801	0.3641839507381602	3.0305538564290604	20.006950020588214	20.436578992060422	94.51672337723676	46.77584238671797	87.80928388359649	4.366428108102406	16.34731604227034	35.56733739196988	14.2819037339181	118.84674860121144	39.216181012288644	0.0
5500	315.0031929310443	0.0	315.0031929310443	337.5587676560269	0.6562830796761386	0.7	40.48096646765793	0.8142325623460911	0.3740066941944589	1.2676869343008983	1.1581366778378899	3.0777449931856466	0.11748861500003528	0.3044315012419875	0.6463793005836342	0.2895587089981921	2.7821922881727827	32.96092105320731	15.140152446365486	51.31719227892275	46.882492020520374	124.59009186515024	4.756052684148001	12.323681393475658	26.16605879231428	11.721616389374134	112.6258327240989	40.48096646765793	0.0
5600	313.6077503212873	0.0	313.6077503212873	336.8720429944848	0.579851091406331	0.7	43.5149055873589	0.9793183494257208	0.31053264603178465	1.3565295449548058	1.252481833765012	3.4705019611254584	0.11769504555369562	0.2823885431792883	0.40889762588506523	0.20902703944373888	2.4543690986577484	42.6149455152284	13.512798773865851	59.029255075171314	54.50162874616665	151.01856517911824	5.12148879536897	12.288110795398554	17.793141585283816	9.095791886599443	106.80163960462309	43.5149055873589	0.0
5700	314.3068262466834	0.0	314.3068262466834	338.90356526065995	0.5966622335602383	0.7	39.49986070303067	1.1148797815245033	0.5171373621919717	1.436375381781868	0.5596642638415201	2.9625795211627217	0.04506889651927159	0.11947915359480868	0.3543132058495255	0.39796332781373195	3.2155330728223652	44.03759607084314	20.426853770915603	56.73662749764629	22.10666046220425	117.02147840757881	1.7802151345505315	4.719409923910949	13.99532227630049	15.719496013556943	127.0131084624716	39.49986070303067	0.0
5800	315.64622664879965	0.0	315.64622664879965	337.6473890147773	0.4739228267594825	0.7	26.45793989299487	1.6242503567406086	0.4980975643768201	0.593167318639784	0.31022307240236124	2.676483151701898	0.07343757351754539	0.10572503040553331	0.3546649873657869	0.356355521329864	4.139405778532476	42.97431830981849	13.17863541912905	15.69398526306034	8.20786340304187	70.81423035234228	1.9430069060146076	2.7972664996546555	9.383704917873773	9.428432963882392	109.52014928112787	26.45793989299487	0.0
5900	310.40383473372464	0.0	310.40383473372464	333.5138205032122	0.6366012670713249	0.7	7.933178534750583	4.249899716770212	0.7314551288397548	0.8254087403078442	0.5447131317241118	4.366232195947315	0.1817214109759874	0.388249030446841	0.6167411126855331	1.4639960919808452	10.942441882179905	33.71521320792403	5.802764127244766	6.548114901005708	4.321306524190491	34.63809953462614	1.4416283968592922	3.0800488744786048	4.892717356655062	11.614142371861181	86.80834505746539	7.933178534750583	0.0
6000	313.775865756025	0.0	313.775865756025	336.203748907374	0.4994064275313488	0.7	16.33966608149317	3.3658019825440433	0.4586032544103386	0.44209648536517626	0.32249472231469994	2.12873043818898	0.08532024077075603	0.20877981150940766	0.23334773934192624	1.231220405848216	7.442057841582887	54.996080491197375	7.493424040950993	7.2237089466687125	5.269456075666062	34.78274453751857	1.394104244186753	3.411392404620806	3.8128241417183815	20.11773030428035	121.60074009062218	16.33966608149317	0.0
6100	316.6145141579205	0.0	316.6145141579205	336.74754166228695	0.6695449349610241	0.7	10.99032031639614	1.8104493866970002	0.4836428304946359	0.9276645314987264	0.3988234947371784	2.211407568413432	0.17355019896566032	0.15696640454939087	0.28713630136764245	0.9368156808770036	9.529799297968387	19.897418676422973	5.3153896258645315	10.19533034733056	4.383197956866121	24.304077526966328	1.9073722776068889	1.7251110649108259	3.1557199264956455	10.295904410261016	104.73554683563962	10.99032031639614	0.0
6200	312.8046285559764	0.0	312.8046285559764	335.5813118547442	0.5935449772563002	0.7	8.518173516633865	1.3638559087100766	1.1681926539366263	0.66442269342327	1.1490088597607677	4.849139254038486	0.2980716866700582	0.2253896882325837	0.46225742371547374	1.5835986047739616	12.888125269266345	11.617561282078789	9.9508677270892	5.659667790968641	9.787456839591847	41.30580957222033	2.5390263474512773	1.9199084732251581	3.937588944560548	13.4893676961639	109.78328734772428	8.518173516633865	0.0
6300	314.5659621984509	0.0	314.5659621984509	336.19902193790165	0.6440310678583656	0.7	11.729808712597151	0.6350384900012189	0.9927902792448976	1.524584101642991	1.0204305773372861	2.5187401100200817	0.09369357331538437	0.16821215992203897	0.6289571673872608	1.179329243814314	8.538930953234425	7.448880012850837	11.645240067268558	17.883079878539057	11.96945547665144	29.54433968728146	1.0990076925891556	1.9730964590183182	7.377547261869517	13.83330643911375	100.16002669151466	11.729808712597151	0.0
6400	315.3668091257162	0.0	315.3668091257162	336.5993950261802	0.5866510334618213	0.7	16.973394154457402	0.3217157925719632	0.7536723513324578	1.1996706798178827	0.374899220948652	2.8562589978321427	0.14584923938427888	0.12117286277452499	0.5773527361371302	1.223340491292477	7.026139990578191	5.460608953037591	12.792377882482505	20.362483304094788	6.3633122453604845	48.48040977742045	2.4755566271971774	2.0567147606959915	9.799635556609953	20.764240343814777	119.25744344447925	16.973394154457402	0.0
6500	314.9900092549157	0.0	314.9900092549157	335.3451672158133	0.5098454701675834	0.7	11.145402072705544	0.29161193897587634	1.5602534109738906	1.1612628598646229	0.32128066547416984	2.794529978521753	0.1820173974854363	0.13918044171148283	0.4422943551188583	1.0091770532011801	8.383710607395548	3.2501323090874146	17.389651600614293	12.942741485291135	3.580802194896029	31.146160214854127	2.0286570792026506	1.551221983531234	4.929548422287685	11.247684020475306	93.43982558062979	11.145402072705544	0.0
6600	315.0879357137547	0.0	315.0879357137547	335.871957028372	0.7101231486493168	0.7	11.767600968548962	0.3712168695407039	2.135767863129939	1.355127971826884	0.3146583156481596	1.9076704900443175	0.2130038536282108	0.12503240510009275	0.5450997725636642	1.1864546862138172	8.454955365354492	4.3683319935489004	25.132863974763616	15.94660523377783	3.7027734999832678	22.448705106317785	2.506544354259995	1.4713314513558575	6.414516611575993	13.96172531462917	99.49454094638375	11.767600968548962	0.0
6700	313.54072566640497	0.0	313.54072566640497	333.92012970642685	0.9298279838489568	0.7	11.403711237907437	0.37985920369819504	2.1729724219028306	0.8423975112804584	0.463125430423084	2.341806589249302	0.1348711809418586	0.16586113310527456	0.7021058116992154	0.7509733587010147	8.50119614757897	4.331804670035677	24.77995002731625	9.60645796617422	5.281348675476442	26.70528611882795	1.5380320017765203	1.8914324675246807	8.006611935074465	8.563883329987855	96.94518604380171	11.403711237907437	0.0
6800	314.6596920292043	0.0	314.6596920292043	335.5023038420257	0.6333677037500813	0.7	9.986495668559856	0.5758637807308608	3.328166228021826	0.566915782261242	0.4595331209618156	2.349271448275303	0.2738503133084661	0.13776415668425593	0.5828150322948008	1.1155062515681717	9.181926875166576	5.750861151949244	33.23671762038716	5.661502003990115	4.589125522044964	23.460989142472652	2.7348049676887562	1.3757811540101232	5.820279795583601	11.139998349536988	91.69527296788435	9.986495668559856	0.0
6900	313.07613612636237	0.0	313.07613612636237	335.50606663152246	0.6333677037500813	0.7	10.728951359612966	0.7863247167741719	3.4223936202423966	0.9262650498666837	0.5078969766000728	3.1740275365631536	0.3945286674603707	0.16086340537139818	0.6808443305679782	1.230136588086497	9.526545362716403	8.436439639131532	36.7186946850304	9.937852666129126	5.4492019576366655	34.053987053858236	4.2328788831552355	1.7258956517714341	7.304745706132089	13.198075619260276	102.20984182173075	10.728951359612966	0.0
7000	313.9614540306677	0.0	313.9614540306677	335.1477985065634	0.6609139891217796	0.7	12.876885893530716	0.5938275434147191	2.7136919564460036	1.002309916529055	0.4695092349314513	3.243759983348613	0.6600061159314335	0.25143838466643326	0.37814065759367016	0.9552117808703263	7.50349163632964	7.6466495169869955	34.94390167334731	12.906630425098937	6.045816844171204	41.76952717158118	8.498823443881475	3.237743388603344	4.86927409953836	12.300153106423458	96.62160560407885	12.876885893530716	0.0
7100	316.7009589569542	0.0	316.7009589569542	337.0895071857191	0.5636935150948398	0.7	19.069046406643345	0.5046082343195268	1.479549835169383	1.1593601746165547	0.6317012605862463	1.7343649443032547	0.6171959448113105	0.40692708281716283	0.320376629091571	1.6744419773614143	5.5128604041485305	9.622397837413416	28.213604467786475	22.107892971777215	12.045940653254231	33.07268560897416	11.769338113598964	7.759711426360478	6.1092768077511295	31.930011771536456	105.12499088005491	19.069046406643345	0.0
7200	318.8478498862595	0.0	318.8478498862595	337.6404130660743	0.6308116756969676	0.7	21.83700286878764	0.4088668282503089	1.2609215472808715	0.6746163826799858	0.36654644172397044	1.2405942648711066	0.7005532516825153	0.27985903365465364	0.511804585152307	0.9128208397920329	5.081764202002801	8.928426101454098	27.534747445288538	14.73159988391399	8.004275699470243	27.090860520991846	15.297983366729595	6.111282520772808	11.176278194229596	19.933271297227765	110.97049945763749	21.83700286878764	0.0
7300	315.5696180718505	0.0	315.5696180718505	336.2855587469428	0.58667722002768	0.7	17.51431099062168	0.8832911243734485	0.91990868611946	1.6257793409578596	0.5946452146267679	1.858105433713663	0.9857852382279119	0.4266829164416132	0.6826562289702788	1.3405888485447053	5.768197093171504	15.47023544753247	16.111566811670407	28.474404979663912	10.414801218058189	32.54343641942508	17.26534923228773	7.473057292943858	11.956253493870504	23.479490003971396	101.02599774500571	17.51431099062168	0.0
7400	317.86893592047426	0.0	317.86893592047426	338.88971271700217	0.5900101111395468	0.7	34.75848816317482	1.086580338000593	0.7736878313856874	1.0282431313995122	0.5851301339012889	1.6826401271253324	0.4654266272706179	0.12676850692908828	0.7665994235790067	0.4097371610333138	3.5091467861640124	37.7678898167321	26.89221932921181	35.74017671161575	20.338238833124844	58.48602694156884	16.17752591481215	4.4062816475580595	26.645836990367542	14.241844261789293	121.97263702972478	34.75848816317482	0.0
7500	313.26017855100247	0.0	313.26017855100247	336.1621273074267	0.7206586411786741	0.7	39.07448680760665	1.1406389469512648	2.0966728294609975	1.2370974346476675	1.0948834975647925	1.8413962395346333	0.580239403027183	0.22161363664906408	0.7109698000304565	0.4812919051006567	2.916419780206289	44.569881484889535	81.92641481464105	48.33894738986431	42.78201078146171	71.95161306927251	22.67255689883922	8.659439121629587	27.78078007189681	18.806234196463482	113.9576062271137	39.07448680760665	0.0
7600	316.0294636814646	0.0	316.0294636814646	337.98791525956375	0.6737749668579426	0.7	37.18660743333446	1.376096838765559	1.8298787525139373	0.94166737332893	0.45937135764005776	2.0694330537441084	0.6302558321153183	0.3461621203421527	0.56648480064517	0.4228967839624884	3.188521594854343	51.17237293342738	68.04698282033557	35.01741494476212	17.082462342678713	76.95519457914868	23.43707621144189	12.872594877454313	21.065647898542668	15.726096690032708	118.57030084055795	37.18660743333446	0.0
7700	315.84265947179574	0.0	315.84265947179574	337.9227673527897	0.5860893372723225	0.7	30.97316067575395	2.0810810038182894	1.211282989406592	1.0471641207638265	0.5034275945289326	2.6514880021094256	0.49021786499684206	0.5561612216678032	0.4568574402557727	0.29535694438847826	3.778555061626506	64.45765631052319	37.517262654697944	32.43398256630261	15.59274377395294	82.12496391916906	15.183596698672247	17.22607088034048	14.150318902955707	9.148138095244061	117.03379304594114	30.97316067575395	0.0
7800	316.4354623371886	0.0	316.4354623371886	336.7499666122658	0.6763166472866535	0.7	35.35100755486016	1.477597542049088	1.0385661303117457	0.9994537665092105	0.5378671381652551	1.5353391443391944	0.3839184508663435	0.5105993524140697	0.37470781652321966	0.262379476072752	2.8221461180660037	52.234561872020116	36.7143591188724	35.33169765060054	19.014145264790947	54.275785690807396	13.57190405702632	18.050201564696483	13.246298852777493	9.275378840888107	99.76570874067058	35.35100755486016	0.0
7900	317.67018396482473	0.0	317.67018396482473	338.568885910782	0.7106178700414787	0.7	43.551208126922575	0.4250480090463284	1.3615699897199618	1.239181438758164	0.48085287388322323	1.319875224248916	0.5537140923579911	0.5747699222427451	0.2031462344070332	0.32134957729965485	2.814912644295884	18.511354305910718	59.29801800166589	53.967848746376156	20.941723588917107	57.48216059283315	24.114917679092898	25.0319245086889	8.847263934861303	13.995162322475863	122.592846430836	43.551208126922575	0.0
8000	311.3263385662077	0.0	311.3263385662077	334.4465114708586	0.5777494218925567	0.7	23.779232016262554	0.5145418376223785	1.6419548181810575	3.5435682698824196	0.5426423629980489	2.7382613752262634	0.7399438317247724	1.06124402628764	0.2689234923332148	0.32077424177011166	4.486592488788219	12.235409738896632	39.04442458174756	84.26333205500013	12.903618651583571	65.1137525626755	17.5952960535857	25.23556792696643	6.394794118815119	7.627765119892184	106.68772375331591	23.779232016262554	0.0
8100	314.598087286693	0.0	314.598087286693	336.0895083276961	0.47403113083764176	0.7	27.091519852349386	0.41626399074683124	0.9906620481176358	2.3805566850738247	0.3157026715211036	2.2769963932175306	0.5686464827805954	0.8642120761042963	0.3096134864005495	0.4242225469526572	4.694430967464982	11.277224169135959	26.83854054354803	64.49289869332057	8.552865192953716	61.68729299058068	15.405497477219154	23.41281861641962	8.387899913375593	11.492833552582132	127.17926975056128	27.091519852349386	0.0
8200	314.23034504602526	0.0	314.23034504602526	335.0946526635133	0.4949891646087665	0.7	19.34927566754095	0.4824993558203046	0.8481778530173508	1.3645663972119637	0.6190593410769376	3.2130243791019937	0.5434726546750144	1.3493012912834745	0.438255404896713	0.29525166952209886	5.618890596794457	9.336013045178003	16.411627093135753	26.40337138631747	11.978349845063923	62.169694437774076	10.51580221307714	26.10800264361292	8.479924642136275	5.712905944884789	108.72146310312964	19.34927566754095	0.0
8300	309.5973304041835	0.0	309.5973304041835	333.5035334360938	0.67365165388447	0.7	14.114770530841957	0.8611188115185416	1.6272546145703852	2.313159198199227	1.0761681107087073	2.2276493643645003	0.36276161254059885	2.636633770912798	0.9817458757213894	0.19959313499859616	7.8499681509414785	12.154494424375562	22.96832547991466	32.64971128388846	15.189865935263127	31.442759601180867	5.120296918408753	37.21548065030266	13.857117755407897	2.8172113000365453	110.80049912495672	14.114770530841957	0.0
8400	313.8987755163894	0.0	313.8987755163894	336.2123670643967	0.5930798785413326	0.7	13.375784318325001	0.6836637978850183	1.4698937670494026	1.7650223794571198	0.7776942373946092	2.4654479902139856	0.9148788328512302	1.1882788728581928	0.87233351643817	0.12373837511819766	7.917100664641078	9.14453950675694	19.66098199890306	23.608558664635222	10.402270384994534	32.977300565150124	12.237221945618964	15.894161913373523	11.668144969522979	1.6550978174810047	105.89743091670657	13.375784318325001	0.0
8500	312.7894026257162	0.0	312.7894026257162	335.8912868094529	0.5939913641027598	0.7	12.23431274993344	0.44907815467130563	0.9642896858744681	3.1086525455781526	0.9014576793404724	1.5882275790004876	1.1754483239044817	1.9574540887445417	0.4804945503614241	0.08362343375307456	8.462053713143405	5.494162593411736	11.797421598523318	38.03222747347984	11.028715179880553	19.430872919561587	14.380802416032493	23.948105515336692	5.878520603760307	1.0230752417584545	103.52741163333197	12.23431274993344	0.0
8600	313.6244256364306	0.0	313.6244256364306	335.37454416728826	0.612589473274835	0.7	10.983560723911717	0.24559993444284536	0.6380766561971709	3.3414933990069335	0.7741408933009424	1.3967188987378318	0.9987672003768591	1.0127954867348012	0.304149446954937	0.057887328334096724	8.15400149524807	2.6975617937417287	7.008353699852166	36.70149565654282	8.502823510434162	15.340946838522077	10.970020194390534	11.124100729455414	3.3406439197737163	0.6358089859025666	89.5599705659241	10.983560723911717	0.0
8700	316.9902001347649	0.0	316.9902001347649	336.9961361668874	0.612589473274835	0.7	12.303790264102233	0.39652720783321316	0.726781993772023	1.362151379318139	0.4794232552635942	1.128493523870187	2.2516431156356815	0.7959278425448654	0.29874147147422064	0.11198093898884767	8.193346696746971	4.8787875991899305	8.942173219097027	16.759624879087948	5.89872318049641	13.884747632096428	27.703744644391115	9.792929240031409	3.675652408208091	1.3777899868960102	100.80921931784957	12.303790264102233	0.0
8800	306.11694614402944	0.0	306.11694614402944	332.66071493609263	0.774624439612713	0.7	4.967727004030287	0.7375501436774845	1.233295881522877	1.9789222088603977	1.2738216878621738	3.514175773697084	2.6194002472729125	3.215234687889936	0.8013043193524112	0.3176384270977395	21.373240554658825	3.663947765573058	6.1266772546005335	9.830745295831061	6.32799839711236	17.457465887904032	13.01246534274126	15.972408183325726	3.9806611056930823	1.5779409918111462	106.17642426701391	4.967727004030287	0.0
8900	317.48409316697337	0.0	317.48409316697337	336.8753931710723	0.6154584426114247	0.7	12.401844853934715	0.42745396829815796	0.60915177447757	0.4864413083905015	0.7824840628911967	2.0670832607209317	1.066316509935169	1.4405760150497344	0.45296615815561947	0.2051040628739562	8.562602295968214	5.301217797032483	7.554605799569852	6.0327696372040105	9.704245948653115	25.63564589962648	13.224291921405102	17.865800238946328	5.617616017528848	2.5436687666744757	106.19206522054297	12.401844853934715	0.0
9000	318.309865179751	0.0	318.309865179751	337.31179133883575	0.6224116003250707	0.7	20.800875757166647	0.3408127233469658	0.7374557314311552	0.8008608774976455	0.7102108504927567	0.9528194713504814	1.1469763565841933	0.9527560359989825	0.4714086228768309	0.2332576036477501	5.799473635531164	7.089203114801844	15.339725045909914	16.65860761160398	14.773007662491489	19.819479442570568	23.858112689715472	19.818159931705427	9.805712195317986	4.851962432891272	120.6341305496473	20.800875757166647	0.0
9100	318.1344341739415	0.0	318.1344341739415	337.2764493060854	0.5759114288222162	0.7	22.15552373421647	0.27344875730907875	0.7940848623043938	0.8795113135094452	0.581851598859147	1.378536538051671	0.6318244254942033	0.9586912782498499	0.33109386987728506	0.26188556889665926	5.732678050921025	6.058400432653293	17.593366013767014	19.486033780970416	12.89122690831563	30.5421989872884	13.998401054894506	21.240307369050875	7.3355580923197685	5.802211937338717	127.01048461780258	22.15552373421647	0.0
9200	318.13636599226516	0.0	318.13636599226516	337.49542375382845	0.5742804235816984	0.7	13.472924072130043	0.43785915859345836	1.2348522170443548	0.8240758779300011	0.8552023482238841	1.4072793963470827	0.9909472130688752	1.201230682670655	0.2733818064070727	0.2033155567426945	7.457870637122892	5.8992431980164115	16.63707016054004	11.102711733024812	11.522076303927708	18.960168455257246	13.350956561165829	16.18408978073467	3.6832523204242453	2.7392550586771702	100.47932483372483	13.472924072130043	0.0
9300	315.12029134090017	0.0	315.12029134090017	334.78169580107374	0.8728526583265287	0.7	12.612339209752145	0.19706546490204183	1.9946317720892806	0.5746378578669294	0.44548367784224246	1.4055686227289037	0.9630972164665696	1.04600744101316	0.37696741892347463	0.12630900118271668	7.6016536132859365	2.4854564898720573	25.156972508139038	7.247527586183054	5.618591257354307	17.727508252441073	12.146908786044465	13.19260066198278	4.754440958487602	1.5930519681614077	95.87463392580028	12.612339209752145	0.0
9400	315.87897041114877	0.0	315.87897041114877	335.7469171056557	0.7947010338775725	0.7	21.798083306476332	0.18878906301645684	0.995018374782162	0.6453218320719977	1.220020846196524	1.0163016805791507	0.9233443021365404	1.0587880322612313	0.3256186423315298	0.10827505709646863	4.403203960933102	4.115239722984336	21.689493424976256	14.066779054993335	26.59411604102958	22.153428697776228	20.12713601853256	23.07954973113047	7.097862291684407	2.360188714602305	95.98140675582633	21.798083306476332	0.0
9500	311.37428941557994	0.0	311.37428941557994	332.67931312622494	0.9234506630460366	0.7	15.739037750342716	0.32330993919961126	1.5950880766174833	1.0353351950910592	2.1254803588670703	1.6081144150324034	1.2601582652732368	0.8714856893485138	0.5324018708425778	0.2015377586093829	6.262366656238641	5.0885873381236895	25.105151453004122	16.29517971979662	33.4530156058208	25.31017348506529	19.833678508541865	13.716346163539702	8.379493143544419	3.172010390872535	98.56362520902746	15.739037750342716	0.0
9600	314.8748982191584	0.0	314.8748982191584	334.56970023861965	0.7933072963696912	0.7	12.656226434544179	0.3107529400084964	1.1533056568691076	0.9447418364270223	1.740244280141369	1.4428802949424946	0.8254863769666583	1.0753519052456972	0.524605660381892	0.24266684150621384	7.444950117125711	3.9329595739478536	14.596497541576138	11.956866604007491	22.024925660889497	18.2614197307341	10.447542505521522	13.60989720960804	6.639528026636808	3.071246494258286	94.2249744762292	12.656226434544179	0.0
9700	318.1907185682421	0.0	318.1907185682421	336.9600277145094	0.6910761874799014	0.7	18.52846036537827	0.3271400573184124	0.6348666660639951	0.5101814872461011	1.2088823583038237	1.4063454802407458	0.3726801253454106	0.9276459014210974	0.261536914033821	0.22220181721547042	6.337760990483743	6.061401585951779	11.763101859466575	9.452877465589124	22.39872886223741	26.057416490669524	6.905188931426646	17.1878503175864	4.845876345758996	4.11705756339187	117.42895331741856	18.52846036537827	0.0
9800	316.6061102691005	0.0	316.6061102691005	336.72377342463	0.5932786929046279	0.7	10.395559788926333	0.5017565389841624	0.8079978095797136	0.5288375849993844	2.4903006854062135	2.116759685059534	0.3281439870572974	0.9302040937885205	0.6256645340511864	0.5396079450905247	10.118473056616685	5.216040100494607	8.399589538807426	5.4975627334925115	25.888069667544517	22.00490186482526	3.411240436830804	9.669992272882602	6.504133071539844	5.609526655768227	105.18719163269893	10.395559788926333	0.0
9900	312.291411752984	0.0	312.291411752984	334.3105108819977	0.610350928360885	0.7	8.863631599027368	1.1055910892555358	0.5862676677337372	0.6458153683817006	4.126979698972563	2.722728723382981	0.7085347133329313	1.1253226893353112	0.6387689111172862	0.472990131041257	10.22357779145522	9.799552114328455	5.196460625212831	5.724269506325542	36.580027668357666	24.133264348156835	6.280190674105567	9.974445748294922	5.661812305055482	4.192410271525381	90.61802716745692	8.863631599027368	0.0
10000	314.51135700749717	0.0	314.51135700749717	334.73751602184745	0.7666009935188801	0.7	13.330438676259087	0.713410541875486	0.6244447520130149	0.8520959765395609	2.2055318516643636	1.7135256361434028	0.773496583170315	1.253719044044289	0.5195253151657468	0.41200158431560396	7.588827560223459	9.510075479467933	8.324122473421308	11.358813161547719	29.40070709714795	22.842048412807472	10.31104876824782	16.71262483389056	6.925500354581163	5.492161854240746	101.16240041626368	13.330438676259087	0.0
