#
#model:
#
#<?xml version="1.0" encoding="UTF-8" standalone="no"?><input id="posterior" spec="beast.core.util.CompoundDistribution">
#    <distribution id="prior" spec="beast.core.util.CompoundDistribution">
#        <distribution id="BDSIRserial.t:SIR_R2.55_p0.7_n100_rep1.nexus" spec="beast.phylodynamics.BDSIR">
#            <parameter id="S0Es.t:SIR_R2.55_p0.7_n100_rep1.nexus" lower="0.0" name="S0" upper="1.0E7">300000.0</parameter>
#            <parameter dimension="100" id="dSEs.t:SIR_R2.55_p0.7_n100_rep1.nexus" name="dS">0.0</parameter>
#            <parameter dimension="100" id="dREs.t:SIR_R2.55_p0.7_n100_rep1.nexus" name="dR">0.0</parameter>
#            <parameter id="originEs.t:SIR_R2.55_p0.7_n100_rep1.nexus" lower="0.0" name="origin" upper="1000.0">10.0</parameter>
#            <parameter id="reproductiveNumberEs.t:SIR_R2.55_p0.7_n100_rep1.nexus" lower="0.0" name="reproductiveNumber" upper="10.0">2.0</parameter>
#            <parameter id="becomeUninfectiousRateEs.t:SIR_R2.55_p0.7_n100_rep1.nexus" lower="0.0" name="becomeUninfectiousRate" upper="10.0">1.0</parameter>
#            <parameter id="samplingProportionEs.t:SIR_R2.55_p0.7_n100_rep1.nexus" lower="0.0" name="samplingProportion" upper="1.0">0.7</parameter>
#            <tree IsLabelledNewick="true" adjustTipHeights="false" estimate="false" id="Tree.t:SIR_R2.55_p0.7_n100_rep1.nexus" newick="(((((((1[&amp;type=&quot;I&quot;,reaction=&quot;I_sample&quot;,time=0.017237447656933438]:0.003347199712874574,(((2[&amp;type=&quot;I&quot;,reaction=&quot;I_sample&quot;,time=0.0561317678045383]:0.0045981317747165185,(3[&amp;type=&quot;I&quot;,reaction=&quot;I_sample&quot;,time=0.06306622632929403]:0.006421016348650187,4[&amp;type=&quot;I&quot;,reaction=&quot;I_sample&quot;,time=0.07674294611507011]:0.020097736134426274)[&amp;type=&quot;I&quot;,reaction=&quot;Infection&quot;,time=0.05664520998064384]:0.005111573950822054)[&amp;type=&quot;I&quot;,reaction=&quot;Infection&quot;,time=0.051533636029821785]:0.013591603313703078,5[&amp;type=&quot;I&quot;,reaction=&quot;I_sample&quot;,time=0.042626103506207824]:0.004684070790089118)[&amp;type=&quot;I&quot;,reaction=&quot;Infection&quot;,time=0.037942032716118713]:0.015575637199882114,(6[&amp;type=&quot;I&quot;,reaction=&quot;I_sample&quot;,time=0.02638694829680942]:0.0024340667653603154,7[&amp;type=&quot;I&quot;,reaction=&quot;I_sample&quot;,time=0.032644404115669746]:0.008691522584220637)[&amp;type=&quot;I&quot;,reaction=&quot;Infection&quot;,time=0.0239528815314491]:0.0015864860152125099)[&amp;type=&quot;I&quot;,reaction=&quot;Infection&quot;,time=0.02236639551623659]:0.008476147572177725)[&amp;type=&quot;I&quot;,reaction=&quot;Infection&quot;,time=0.013890247944058865]:4.0092818335864255E-4,(8[&amp;type=&quot;I&quot;,reaction=&quot;I_sample&quot;,time=0.020974483979776196]:0.006508599433911841,(9[&amp;type=&quot;I&quot;,reaction=&quot;I_sample&quot;,time=0.0453258715276847]:0.01989465015073924,10[&amp;type=&quot;I&quot;,reaction=&quot;I_sample&quot;,time=0.04108475565839965]:0.01565353428145419)[&amp;type=&quot;I&quot;,reaction=&quot;Infection&quot;,time=0.025431221376945454]:0.010965336831081099)[&amp;type=&quot;I&quot;,reaction=&quot;Infection&quot;,time=0.014465884545864354]:9.765647851641274E-4)[&amp;type=&quot;I&quot;,reaction=&quot;Infection&quot;,time=0.013489319760700228]:0.002774137185390768,((11[&amp;type=&quot;I&quot;,reaction=&quot;I_sample&quot;,time=0.022274833373780546]:0.0062730454760541315,(12[&amp;type=&quot;I&quot;,reaction=&quot;I_sample&quot;,time=0.04155170060481325]:0.023617092442170085,13[&amp;type=&quot;I&quot;,reaction=&quot;I_sample&quot;,time=0.023494506763236736]:0.0055598986005935686)[&amp;type=&quot;I&quot;,reaction=&quot;Infection&quot;,time=0.017934608162643164]:0.001932820264916757)[&amp;type=&quot;I&quot;,reaction=&quot;Infection&quot;,time=0.01600178789772641]:4.68406757476017E-4,(14[&amp;type=&quot;I&quot;,reaction=&quot;I_sample&quot;,time=0.03958095410242618]:0.00977085710897721,15[&amp;type=&quot;I&quot;,reaction=&quot;I_sample&quot;,time=0.03727103030889741]:0.007460933315448448)[&amp;type=&quot;I&quot;,reaction=&quot;Infection&quot;,time=0.02981009699344897]:0.014276715853198577)[&amp;type=&quot;I&quot;,reaction=&quot;Infection&quot;,time=0.015533381140250388]:0.004818198564940937)[&amp;type=&quot;I&quot;,reaction=&quot;Infection&quot;,time=0.010715182575309451]:0.0024190592427757174,((16[&amp;type=&quot;I&quot;,reaction=&quot;I_sample&quot;,time=0.019392466083139947]:0.0065974566101333065,((17[&amp;type=&quot;I&quot;,reaction=&quot;I_sample&quot;,time=0.020001526388402805]:0.004927377978629854,(18[&amp;type=&quot;I&quot;,reaction=&quot;I_sample&quot;,time=0.03564572137746977]:0.020268148933525493,(((((19[&amp;type=&quot;I&quot;,reaction=&quot;I_sample&quot;,time=0.11243891818735582]:0.04970739831193148,20[&amp;type=&quot;I&quot;,reaction=&quot;I_sample&quot;,time=0.08035080743664354]:0.017619287561219193)[&amp;type=&quot;I&quot;,reaction=&quot;Infection&quot;,time=0.06273151987542434]:0.03921711870231605,21[&amp;type=&quot;I&quot;,reaction=&quot;I_sample&quot;,time=0.028370224520830024]:0.004855823347721722)[&amp;type=&quot;I&quot;,reaction=&quot;Infection&quot;,time=0.02351440117310829]:0.003568382146110466,22[&amp;type=&quot;I&quot;,reaction=&quot;I_sample&quot;,time=0.026443419547216768]:0.006497400520218938)[&amp;type=&quot;I&quot;,reaction=&quot;Infection&quot;,time=0.019946019026997837]:0.0018985762325598038,23[&amp;type=&quot;I&quot;,reaction=&quot;I_sample&quot;,time=0.02272623836902634]:0.004678795574588321)[&amp;type=&quot;I&quot;,reaction=&quot;Infection&quot;,time=0.018047442794438026]:0.0012399452724958099,24[&amp;type=&quot;I&quot;,reaction=&quot;I_sample&quot;,time=0.019523740711231315]:0.0027162431892890915)[&amp;type=&quot;I&quot;,reaction=&quot;Infection&quot;,time=0.016807497521942213]:0.00142992507799794)[&amp;type=&quot;I&quot;,reaction=&quot;Infection&quot;,time=0.01537757244394428]:3.03424034171329E-4)[&amp;type=&quot;I&quot;,reaction=&quot;Infection&quot;,time=0.015074148409772952]:5.053959225473359E-5,(((25[&amp;type=&quot;I&quot;,reaction=&quot;I_sample&quot;,time=0.05164441898528532]:0.020641685853494518,26[&amp;type=&quot;I&quot;,reaction=&quot;I_sample&quot;,time=0.039124989919821995]:0.00812225678803119)[&amp;type=&quot;I&quot;,reaction=&quot;Infection&quot;,time=0.031002733131790798]:0.0027288230278633974,27[&amp;type=&quot;I&quot;,reaction=&quot;I_sample&quot;,time=0.03750759748952661]:0.00923368738559921)[&amp;type=&quot;I&quot;,reaction=&quot;Infection&quot;,time=0.0282739101039274]:0.00819273315232702,((((28[&amp;type=&quot;I&quot;,reaction=&quot;I_sample&quot;,time=0.04870595508489602]:0.010229018596421183,29[&amp;type=&quot;I&quot;,reaction=&quot;I_sample&quot;,time=0.04505910674460125]:0.00658217025612641)[&amp;type=&quot;I&quot;,reaction=&quot;Infection&quot;,time=0.03847693648847485]:1.2968422184890527E-4,30[&amp;type=&quot;I&quot;,reaction=&quot;I_sample&quot;,time=0.04829626573965916]:0.009949013473033216)[&amp;type=&quot;I&quot;,reaction=&quot;Infection&quot;,time=0.03834725226662594]:0.003561508817678888,31[&amp;type=&quot;I&quot;,reaction=&quot;I_sample&quot;,time=0.04024754736932493]:0.005461803920377872)[&amp;type=&quot;I&quot;,reaction=&quot;Infection&quot;,time=0.034785743448947054]:0.005789703285808967,32[&amp;type=&quot;I&quot;,reaction=&quot;I_sample&quot;,time=0.05471138141503]:0.025715341251891913)[&amp;type=&quot;I&quot;,reaction=&quot;Infection&quot;,time=0.028996040163138094]:0.008914863211537699)[&amp;type=&quot;I&quot;,reaction=&quot;Infection&quot;,time=0.020081176951600384]:0.005057568134082174)[&amp;type=&quot;I&quot;,reaction=&quot;Infection&quot;,time=0.015023608817518207]:0.00222859934451157)[&amp;type=&quot;I&quot;,reaction=&quot;Infection&quot;,time=0.01279500947300664]:0.0020826793147593753,(((33[&amp;type=&quot;I&quot;,reaction=&quot;I_sample&quot;,time=0.03819054641085636]:0.014536897029831977,34[&amp;type=&quot;I&quot;,reaction=&quot;I_sample&quot;,time=0.0266353775886557]:0.002981728207631304)[&amp;type=&quot;I&quot;,reaction=&quot;Infection&quot;,time=0.023653649381024395]:0.00868571858161478,35[&amp;type=&quot;I&quot;,reaction=&quot;I_sample&quot;,time=0.02140360362373552]:0.006435672824325903)[&amp;type=&quot;I&quot;,reaction=&quot;Infection&quot;,time=0.014967930799409609]:0.003496813954264502,(36[&amp;type=&quot;I&quot;,reaction=&quot;I_sample&quot;,time=0.02143421130015054]:0.00893465093846324,((37[&amp;type=&quot;I&quot;,reaction=&quot;I_sample&quot;,time=0.02764181628157858]:0.008924433608315213,38[&amp;type=&quot;I&quot;,reaction=&quot;I_sample&quot;,time=0.020208376211947463]:0.0014909935386840933)[&amp;type=&quot;I&quot;,reaction=&quot;Infection&quot;,time=0.01871738267326337]:2.952037686846931E-4,(39[&amp;type=&quot;I&quot;,reaction=&quot;I_sample&quot;,time=0.0319971967773682]:0.010751121942834646,40[&amp;type=&quot;I&quot;,reaction=&quot;I_sample&quot;,time=0.025844542468424644]:0.004598467633891087)[&amp;type=&quot;I&quot;,reaction=&quot;Infection&quot;,time=0.021246074834533557]:0.002823895929954884)[&amp;type=&quot;I&quot;,reaction=&quot;Infection&quot;,time=0.018422178904578673]:0.005922618542891375)[&amp;type=&quot;I&quot;,reaction=&quot;Infection&quot;,time=0.012499560361687298]:0.001028443516542188)[&amp;type=&quot;I&quot;,reaction=&quot;Infection&quot;,time=0.011471116845145112]:7.587866868978416E-4)[&amp;type=&quot;I&quot;,reaction=&quot;Infection&quot;,time=0.010712330158247262]:0.0024162068257135294)[&amp;type=&quot;I&quot;,reaction=&quot;Infection&quot;,time=0.00829612333253374]:4.5291884502166035E-4,(((41[&amp;type=&quot;I&quot;,reaction=&quot;I_sample&quot;,time=0.017094157678197223]:0.0018612090993914976,(42[&amp;type=&quot;I&quot;,reaction=&quot;I_sample&quot;,time=0.023301136075512728]:0.0068461156345241,(43[&amp;type=&quot;I&quot;,reaction=&quot;I_sample&quot;,time=0.0681064277123076]:0.05076947255620756,(((44[&amp;type=&quot;I&quot;,reaction=&quot;I_sample&quot;,time=0.022806220703552448]:5.82044443778143E-4,(45[&amp;type=&quot;I&quot;,reaction=&quot;I_sample&quot;,time=0.032609321410294316]:0.005031663284510893,46[&amp;type=&quot;I&quot;,reaction=&quot;I_sample&quot;,time=0.0288540523900905]:0.0012763942643070764)[&amp;type=&quot;I&quot;,reaction=&quot;Infection&quot;,time=0.02757765812578343]:0.005353481866009119)[&amp;type=&quot;I&quot;,reaction=&quot;Infection&quot;,time=0.02222417625977431]:7.584653208180109E-4,((47[&amp;type=&quot;I&quot;,reaction=&quot;I_sample&quot;,time=0.03827511183722868]:0.0077269557949163625,48[&amp;type=&quot;I&quot;,reaction=&quot;I_sample&quot;,time=0.031831567424403344]:0.0012834113820910376)[&amp;type=&quot;I&quot;,reaction=&quot;Infection&quot;,time=0.030548156042312306]:8.678532326139993E-4,49[&amp;type=&quot;I&quot;,reaction=&quot;I_sample&quot;,time=0.050019108393016314]:0.020338805583318)[&amp;type=&quot;I&quot;,reaction=&quot;Infection&quot;,time=0.029680302809698317]:0.008214591870742013)[&amp;type=&quot;I&quot;,reaction=&quot;Infection&quot;,time=0.021465710938956297]:0.0021393744602863085,((50[&amp;type=&quot;I&quot;,reaction=&quot;I_sample&quot;,time=0.043830356610315084]:0.01610592625471577,51[&amp;type=&quot;I&quot;,reaction=&quot;I_sample&quot;,time=0.03669594088098454]:0.008971510525385223)[&amp;type=&quot;I&quot;,reaction=&quot;Infection&quot;,time=0.02772443035559932]:0.006684264298986692,52[&amp;type=&quot;I&quot;,reaction=&quot;I_sample&quot;,time=0.029940945935872373]:0.008900779879259746)[&amp;type=&quot;I&quot;,reaction=&quot;Infection&quot;,time=0.021040166056612623]:0.0017138295779426382)[&amp;type=&quot;I&quot;,reaction=&quot;Infection&quot;,time=0.019326336478669996]:0.0019893813225699553)[&amp;type=&quot;I&quot;,reaction=&quot;Infection&quot;,time=0.017336955156100037]:8.819347151114015E-4)[&amp;type=&quot;I&quot;,reaction=&quot;Infection&quot;,time=0.016455020440988635]:0.0012220718621829135)[&amp;type=&quot;I&quot;,reaction=&quot;Infection&quot;,time=0.015232948578805718]:0.0024795056573633373,(53[&amp;type=&quot;I&quot;,reaction=&quot;I_sample&quot;,time=0.035794278574512325]:0.021413584730689078,54[&amp;type=&quot;I&quot;,reaction=&quot;I_sample&quot;,time=0.018013728701422264]:0.003633034857599013)[&amp;type=&quot;I&quot;,reaction=&quot;Infection&quot;,time=0.014380693843823249]:0.0016272509223808629)[&amp;type=&quot;I&quot;,reaction=&quot;Infection&quot;,time=0.012753442921442383]:0.0013257511888983692,(55[&amp;type=&quot;I&quot;,reaction=&quot;I_sample&quot;,time=0.01275648733455488]:2.7181939865569826E-4,((((56[&amp;type=&quot;I&quot;,reaction=&quot;I_sample&quot;,time=0.02179240034015863]:8.180185259602235E-4,57[&amp;type=&quot;I&quot;,reaction=&quot;I_sample&quot;,time=0.022890648910054403]:0.001916267095856003)[&amp;type=&quot;I&quot;,reaction=&quot;Infection&quot;,time=0.020974381814198407]:0.005641317472198093,((58[&amp;type=&quot;I&quot;,reaction=&quot;I_sample&quot;,time=0.03626548471768033]:0.013346970985512893,59[&amp;type=&quot;I&quot;,reaction=&quot;I_sample&quot;,time=0.03065674076964449]:0.0077382270374770495)[&amp;type=&quot;I&quot;,reaction=&quot;Infection&quot;,time=0.022918513732167446]:0.004839275400760512,((60[&amp;type=&quot;I&quot;,reaction=&quot;I_sample&quot;,time=0.0582599165709191]:0.036963107555709515,(61[&amp;type=&quot;I&quot;,reaction=&quot;I_sample&quot;,time=0.030102481324275055]:0.005068746094654131,62[&amp;type=&quot;I&quot;,reaction=&quot;I_sample&quot;,time=0.025802481527958866]:7.687462983379384E-4)[&amp;type=&quot;I&quot;,reaction=&quot;Infection&quot;,time=0.025033735229620924]:0.0037369262144113374)[&amp;type=&quot;I&quot;,reaction=&quot;Infection&quot;,time=0.021296809015209577]:0.002133215804872024,(63[&amp;type=&quot;I&quot;,reaction=&quot;I_sample&quot;,time=0.03867030858255663]:0.005943023836851483,64[&amp;type=&quot;I&quot;,reaction=&quot;I_sample&quot;,time=0.04015107089190437]:0.007423786146199221)[&amp;type=&quot;I&quot;,reaction=&quot;Infection&quot;,time=0.032727284745705146]:0.013563691535367586)[&amp;type=&quot;I&quot;,reaction=&quot;Infection&quot;,time=0.019163593210337566]:0.0010843548789306323)[&amp;type=&quot;I&quot;,reaction=&quot;Infection&quot;,time=0.01807923833140692]:0.0027461739894066167)[&amp;type=&quot;I&quot;,reaction=&quot;Infection&quot;,time=0.015333064342000316]:2.2716224740594593E-4,(((65[&amp;type=&quot;I&quot;,reaction=&quot;I_sample&quot;,time=0.038345315515622216]:0.014481205874341943,(66[&amp;type=&quot;I&quot;,reaction=&quot;I_sample&quot;,time=0.05467305425113532]:0.01753831110393768,67[&amp;type=&quot;I&quot;,reaction=&quot;I_sample&quot;,time=0.050233715741868426]:0.013098972594670785)[&amp;type=&quot;I&quot;,reaction=&quot;Infection&quot;,time=0.03713474314719764]:0.013270633505917367)[&amp;type=&quot;I&quot;,reaction=&quot;Infection&quot;,time=0.02386410964128027]:0.0025441096225887194,68[&amp;type=&quot;I&quot;,reaction=&quot;I_sample&quot;,time=0.021760526312340406]:4.405262936488519E-4)[&amp;type=&quot;I&quot;,reaction=&quot;Infection&quot;,time=0.021320000018691554]:0.004666308772598174,(69[&amp;type=&quot;I&quot;,reaction=&quot;I_sample&quot;,time=0.029165845152066522]:0.011398326523451296,70[&amp;type=&quot;I&quot;,reaction=&quot;I_sample&quot;,time=0.026425578307779342]:0.00865805967916411)[&amp;type=&quot;I&quot;,reaction=&quot;Infection&quot;,time=0.017767518628615232]:0.0011138273825218453)[&amp;type=&quot;I&quot;,reaction=&quot;Infection&quot;,time=0.01665369124609338]:0.0015477891514990155)[&amp;type=&quot;I&quot;,reaction=&quot;Infection&quot;,time=0.015105902094594361]:3.073579452534392E-4,((((71[&amp;type=&quot;I&quot;,reaction=&quot;I_sample&quot;,time=0.048225577684896645]:0.0069520113457810645,72[&amp;type=&quot;I&quot;,reaction=&quot;I_sample&quot;,time=0.053662410398473415]:0.012388844059357834)[&amp;type=&quot;I&quot;,reaction=&quot;Infection&quot;,time=0.041273566339115574]:0.007636594202446723,73[&amp;type=&quot;I&quot;,reaction=&quot;I_sample&quot;,time=0.03747565468918345]:0.0038386825525145996)[&amp;type=&quot;I&quot;,reaction=&quot;Infection&quot;,time=0.03363697213666885]:0.011854250116402273,(74[&amp;type=&quot;I&quot;,reaction=&quot;I_sample&quot;,time=0.03559024738627054]:0.00636253111079349,75[&amp;type=&quot;I&quot;,reaction=&quot;I_sample&quot;,time=0.058265487664633756]:0.02903777138915671)[&amp;type=&quot;I&quot;,reaction=&quot;Infection&quot;,time=0.029227716275477048]:0.00744499425521046)[&amp;type=&quot;I&quot;,reaction=&quot;Infection&quot;,time=0.021782722020266588]:0.0050489768281878206,76[&amp;type=&quot;I&quot;,reaction=&quot;I_sample&quot;,time=0.018569631648928327]:0.001835886456849567)[&amp;type=&quot;I&quot;,reaction=&quot;Infection&quot;,time=0.01673374519207877]:0.0019352010427378386)[&amp;type=&quot;I&quot;,reaction=&quot;Infection&quot;,time=0.014798544149340932]:0.002313876213441743)[&amp;type=&quot;I&quot;,reaction=&quot;Infection&quot;,time=0.012484667935899186]:0.0010569762033551672)[&amp;type=&quot;I&quot;,reaction=&quot;Infection&quot;,time=0.01142769173254401]:0.0035844872450319365)[&amp;type=&quot;I&quot;,reaction=&quot;Infection&quot;,time=0.007843204487512077]:0.004070705076600567,77[&amp;type=&quot;I&quot;,reaction=&quot;I_sample&quot;,time=0.004505727207593021]:7.332277966815154E-4)[&amp;type=&quot;I&quot;,reaction=&quot;Infection&quot;,time=0.003772499410911517]:0.0028182252134448943,(((((78[&amp;type=&quot;I&quot;,reaction=&quot;I_sample&quot;,time=0.053992099144418146]:0.028699715781233787,(79[&amp;type=&quot;I&quot;,reaction=&quot;I_sample&quot;,time=0.05144837803107994]:0.001285945131922192,80[&amp;type=&quot;I&quot;,reaction=&quot;I_sample&quot;,time=0.053665214994191475]:0.003502782095033727)[&amp;type=&quot;I&quot;,reaction=&quot;Infection&quot;,time=0.05016243289915775]:0.02487004953597339)[&amp;type=&quot;I&quot;,reaction=&quot;Infection&quot;,time=0.02529238336318436]:0.005027079359342462,((81[&amp;type=&quot;I&quot;,reaction=&quot;I_sample&quot;,time=0.05331308024286982]:0.017244165851031723,(82[&amp;type=&quot;I&quot;,reaction=&quot;I_sample&quot;,time=0.06412665502374687]:0.02631605745654192,83[&amp;type=&quot;I&quot;,reaction=&quot;I_sample&quot;,time=0.04155716086765503]:0.003746563300450076)[&amp;type=&quot;I&quot;,reaction=&quot;Infection&quot;,time=0.03781059756720496]:0.0017416831753668538)[&amp;type=&quot;I&quot;,reaction=&quot;Infection&quot;,time=0.03606891439183809]:0.00803702984553975,84[&amp;type=&quot;I&quot;,reaction=&quot;I_sample&quot;,time=0.030077745253655374]:0.0020458607073570306)[&amp;type=&quot;I&quot;,reaction=&quot;Infection&quot;,time=0.02803188454629834]:0.00776658054245645)[&amp;type=&quot;I&quot;,reaction=&quot;Infection&quot;,time=0.020265304003841893]:0.004185990915529111,(((85[&amp;type=&quot;I&quot;,reaction=&quot;I_sample&quot;,time=0.030145909036057763]:0.004035340454208572,((86[&amp;type=&quot;I&quot;,reaction=&quot;I_sample&quot;,time=0.04657890471555066]:9.170112551906695E-5,87[&amp;type=&quot;I&quot;,reaction=&quot;I_sample&quot;,time=0.04880234920401741]:0.002315145613985825)[&amp;type=&quot;I&quot;,reaction=&quot;Infection&quot;,time=0.04648720359003159]:0.01663220094651291,88[&amp;type=&quot;I&quot;,reaction=&quot;I_sample&quot;,time=0.033161359817019495]:0.0033063571735008207)[&amp;type=&quot;I&quot;,reaction=&quot;Infection&quot;,time=0.02985500264351868]:0.00374443406166948)[&amp;type=&quot;I&quot;,reaction=&quot;Infection&quot;,time=0.026110568581849198]:3.2756771303663057E-4,89[&amp;type=&quot;I&quot;,reaction=&quot;I_sample&quot;,time=0.041457931114307844]:0.01567493024549528)[&amp;type=&quot;I&quot;,reaction=&quot;Infection&quot;,time=0.025783000868812567]:0.007599178022296926,90[&amp;type=&quot;I&quot;,reaction=&quot;I_sample&quot;,time=0.01947624352992095]:0.001292420683405307)[&amp;type=&quot;I&quot;,reaction=&quot;Infection&quot;,time=0.01818382284651564]:0.002104509758202852)[&amp;type=&quot;I&quot;,reaction=&quot;Infection&quot;,time=0.016079313088312792]:0.0018484793730044746,91[&amp;type=&quot;I&quot;,reaction=&quot;I_sample&quot;,time=0.014972392009536418]:7.415582942281035E-4)[&amp;type=&quot;I&quot;,reaction=&quot;Infection&quot;,time=0.014230833715308306]:0.0056859519007798065,(92[&amp;type=&quot;I&quot;,reaction=&quot;I_sample&quot;,time=0.011135857647110356]:7.661296897792796E-4,((((93[&amp;type=&quot;I&quot;,reaction=&quot;I_sample&quot;,time=0.051679644977479615]:0.03260518961789065,94[&amp;type=&quot;I&quot;,reaction=&quot;I_sample&quot;,time=0.02285210973447545]:0.0037776543748864744)[&amp;type=&quot;I&quot;,reaction=&quot;Infection&quot;,time=0.01907445535958897]:9.511280310695452E-4,((95[&amp;type=&quot;I&quot;,reaction=&quot;I_sample&quot;,time=0.04831380378649859]:0.0073744546779758585,(96[&amp;type=&quot;I&quot;,reaction=&quot;I_sample&quot;,time=0.08096081945822871]:0.0069388620412348945,97[&amp;type=&quot;I&quot;,reaction=&quot;I_sample&quot;,time=0.08676778883213125]:0.012745831415137437)[&amp;type=&quot;I&quot;,reaction=&quot;Infection&quot;,time=0.07402195741699381]:0.03308260830847108)[&amp;type=&quot;I&quot;,reaction=&quot;Infection&quot;,time=0.04093934910852274]:0.012260988305626386,98[&amp;type=&quot;I&quot;,reaction=&quot;I_sample&quot;,time=0.06843619930351151]:0.039757838500615164)[&amp;type=&quot;I&quot;,reaction=&quot;Infection&quot;,time=0.028678360802896347]:0.010555033474376918)[&amp;type=&quot;I&quot;,reaction=&quot;Infection&quot;,time=0.01812332732851943]:0.0020291485774226042,99[&amp;type=&quot;I&quot;,reaction=&quot;I_sample&quot;,time=0.020854285220453118]:0.00476010646935629)[&amp;type=&quot;I&quot;,reaction=&quot;Infection&quot;,time=0.016094178751096828]:0.004974515806354399,100[&amp;type=&quot;I&quot;,reaction=&quot;I_sample&quot;,time=0.014087347602967629]:0.0029676846582252087)[&amp;type=&quot;I&quot;,reaction=&quot;Infection&quot;,time=0.011119662944742427]:7.499349874113548E-4)[&amp;type=&quot;I&quot;,reaction=&quot;Infection&quot;,time=0.010369727957331076]:0.0018248461428025664)[&amp;type=&quot;I&quot;,reaction=&quot;Infection&quot;,time=0.0085448818145285]:0.007590607617061887)[&amp;type=&quot;I&quot;,reaction=&quot;Infection&quot;,time=9.542741974666229E-4]:0.0" spec="beast.util.TreeParser">
#                <taxonset id="TaxonSet.3" spec="beast.evolution.alignment.TaxonSet">
#                    <taxon id="1" spec="beast.evolution.alignment.Taxon"/>
#                    <taxon id="10" spec="beast.evolution.alignment.Taxon"/>
#                    <taxon id="100" spec="beast.evolution.alignment.Taxon"/>
#                    <taxon id="11" spec="beast.evolution.alignment.Taxon"/>
#                    <taxon id="12" spec="beast.evolution.alignment.Taxon"/>
#                    <taxon id="13" spec="beast.evolution.alignment.Taxon"/>
#                    <taxon id="14" spec="beast.evolution.alignment.Taxon"/>
#                    <taxon id="15" spec="beast.evolution.alignment.Taxon"/>
#                    <taxon id="16" spec="beast.evolution.alignment.Taxon"/>
#                    <taxon id="17" spec="beast.evolution.alignment.Taxon"/>
#                    <taxon id="18" spec="beast.evolution.alignment.Taxon"/>
#                    <taxon id="19" spec="beast.evolution.alignment.Taxon"/>
#                    <taxon id="2" spec="beast.evolution.alignment.Taxon"/>
#                    <taxon id="20" spec="beast.evolution.alignment.Taxon"/>
#                    <taxon id="21" spec="beast.evolution.alignment.Taxon"/>
#                    <taxon id="22" spec="beast.evolution.alignment.Taxon"/>
#                    <taxon id="23" spec="beast.evolution.alignment.Taxon"/>
#                    <taxon id="24" spec="beast.evolution.alignment.Taxon"/>
#                    <taxon id="25" spec="beast.evolution.alignment.Taxon"/>
#                    <taxon id="26" spec="beast.evolution.alignment.Taxon"/>
#                    <taxon id="27" spec="beast.evolution.alignment.Taxon"/>
#                    <taxon id="28" spec="beast.evolution.alignment.Taxon"/>
#                    <taxon id="29" spec="beast.evolution.alignment.Taxon"/>
#                    <taxon id="3" spec="beast.evolution.alignment.Taxon"/>
#                    <taxon id="30" spec="beast.evolution.alignment.Taxon"/>
#                    <taxon id="31" spec="beast.evolution.alignment.Taxon"/>
#                    <taxon id="32" spec="beast.evolution.alignment.Taxon"/>
#                    <taxon id="33" spec="beast.evolution.alignment.Taxon"/>
#                    <taxon id="34" spec="beast.evolution.alignment.Taxon"/>
#                    <taxon id="35" spec="beast.evolution.alignment.Taxon"/>
#                    <taxon id="36" spec="beast.evolution.alignment.Taxon"/>
#                    <taxon id="37" spec="beast.evolution.alignment.Taxon"/>
#                    <taxon id="38" spec="beast.evolution.alignment.Taxon"/>
#                    <taxon id="39" spec="beast.evolution.alignment.Taxon"/>
#                    <taxon id="4" spec="beast.evolution.alignment.Taxon"/>
#                    <taxon id="40" spec="beast.evolution.alignment.Taxon"/>
#                    <taxon id="41" spec="beast.evolution.alignment.Taxon"/>
#                    <taxon id="42" spec="beast.evolution.alignment.Taxon"/>
#                    <taxon id="43" spec="beast.evolution.alignment.Taxon"/>
#                    <taxon id="44" spec="beast.evolution.alignment.Taxon"/>
#                    <taxon id="45" spec="beast.evolution.alignment.Taxon"/>
#                    <taxon id="46" spec="beast.evolution.alignment.Taxon"/>
#                    <taxon id="47" spec="beast.evolution.alignment.Taxon"/>
#                    <taxon id="48" spec="beast.evolution.alignment.Taxon"/>
#                    <taxon id="49" spec="beast.evolution.alignment.Taxon"/>
#                    <taxon id="5" spec="beast.evolution.alignment.Taxon"/>
#                    <taxon id="50" spec="beast.evolution.alignment.Taxon"/>
#                    <taxon id="51" spec="beast.evolution.alignment.Taxon"/>
#                    <taxon id="52" spec="beast.evolution.alignment.Taxon"/>
#                    <taxon id="53" spec="beast.evolution.alignment.Taxon"/>
#                    <taxon id="54" spec="beast.evolution.alignment.Taxon"/>
#                    <taxon id="55" spec="beast.evolution.alignment.Taxon"/>
#                    <taxon id="56" spec="beast.evolution.alignment.Taxon"/>
#                    <taxon id="57" spec="beast.evolution.alignment.Taxon"/>
#                    <taxon id="58" spec="beast.evolution.alignment.Taxon"/>
#                    <taxon id="59" spec="beast.evolution.alignment.Taxon"/>
#                    <taxon id="6" spec="beast.evolution.alignment.Taxon"/>
#                    <taxon id="60" spec="beast.evolution.alignment.Taxon"/>
#                    <taxon id="61" spec="beast.evolution.alignment.Taxon"/>
#                    <taxon id="62" spec="beast.evolution.alignment.Taxon"/>
#                    <taxon id="63" spec="beast.evolution.alignment.Taxon"/>
#                    <taxon id="64" spec="beast.evolution.alignment.Taxon"/>
#                    <taxon id="65" spec="beast.evolution.alignment.Taxon"/>
#                    <taxon id="66" spec="beast.evolution.alignment.Taxon"/>
#                    <taxon id="67" spec="beast.evolution.alignment.Taxon"/>
#                    <taxon id="68" spec="beast.evolution.alignment.Taxon"/>
#                    <taxon id="69" spec="beast.evolution.alignment.Taxon"/>
#                    <taxon id="7" spec="beast.evolution.alignment.Taxon"/>
#                    <taxon id="70" spec="beast.evolution.alignment.Taxon"/>
#                    <taxon id="71" spec="beast.evolution.alignment.Taxon"/>
#                    <taxon id="72" spec="beast.evolution.alignment.Taxon"/>
#                    <taxon id="73" spec="beast.evolution.alignment.Taxon"/>
#                    <taxon id="74" spec="beast.evolution.alignment.Taxon"/>
#                    <taxon id="75" spec="beast.evolution.alignment.Taxon"/>
#                    <taxon id="76" spec="beast.evolution.alignment.Taxon"/>
#                    <taxon id="77" spec="beast.evolution.alignment.Taxon"/>
#                    <taxon id="78" spec="beast.evolution.alignment.Taxon"/>
#                    <taxon id="79" spec="beast.evolution.alignment.Taxon"/>
#                    <taxon id="8" spec="beast.evolution.alignment.Taxon"/>
#                    <taxon id="80" spec="beast.evolution.alignment.Taxon"/>
#                    <taxon id="81" spec="beast.evolution.alignment.Taxon"/>
#                    <taxon id="82" spec="beast.evolution.alignment.Taxon"/>
#                    <taxon id="83" spec="beast.evolution.alignment.Taxon"/>
#                    <taxon id="84" spec="beast.evolution.alignment.Taxon"/>
#                    <taxon id="85" spec="beast.evolution.alignment.Taxon"/>
#                    <taxon id="86" spec="beast.evolution.alignment.Taxon"/>
#                    <taxon id="87" spec="beast.evolution.alignment.Taxon"/>
#                    <taxon id="88" spec="beast.evolution.alignment.Taxon"/>
#                    <taxon id="89" spec="beast.evolution.alignment.Taxon"/>
#                    <taxon id="9" spec="beast.evolution.alignment.Taxon"/>
#                    <taxon id="90" spec="beast.evolution.alignment.Taxon"/>
#                    <taxon id="91" spec="beast.evolution.alignment.Taxon"/>
#                    <taxon id="92" spec="beast.evolution.alignment.Taxon"/>
#                    <taxon id="93" spec="beast.evolution.alignment.Taxon"/>
#                    <taxon id="94" spec="beast.evolution.alignment.Taxon"/>
#                    <taxon id="95" spec="beast.evolution.alignment.Taxon"/>
#                    <taxon id="96" spec="beast.evolution.alignment.Taxon"/>
#                    <taxon id="97" spec="beast.evolution.alignment.Taxon"/>
#                    <taxon id="98" spec="beast.evolution.alignment.Taxon"/>
#                    <taxon id="99" spec="beast.evolution.alignment.Taxon"/>
#                </taxonset>
#            </tree>
#        </distribution>
#        <prior id="S0_priorEs.t:SIR_R2.55_p0.7_n100_rep1.nexus" name="distribution" x="@S0Es.t:SIR_R2.55_p0.7_n100_rep1.nexus">
#            <Normal id="Normal.1" name="distr">
#                <parameter estimate="false" id="RealParameter.46" name="mean">145.0</parameter>
#                <parameter estimate="false" id="RealParameter.47" name="sigma">20.0</parameter>
#            </Normal>
#        </prior>
#        <prior id="becomeUninfectiousRatePriorEs.t:SIR_R2.55_p0.7_n100_rep1.nexus" name="distribution" x="@becomeUninfectiousRateEs.t:SIR_R2.55_p0.7_n100_rep1.nexus">
#            <Uniform id="Uniform.9" name="distr" upper="Infinity"/>
#        </prior>
#        <prior id="originPriorEs.t:SIR_R2.55_p0.7_n100_rep1.nexus" name="distribution" x="@originEs.t:SIR_R2.55_p0.7_n100_rep1.nexus">
#            <Uniform id="Uniform.5" name="distr" upper="1000.0"/>
#        </prior>
#        <prior id="reproductiveNumberPriorEs.t:SIR_R2.55_p0.7_n100_rep1.nexus" name="distribution" x="@reproductiveNumberEs.t:SIR_R2.55_p0.7_n100_rep1.nexus">
#            <Uniform id="Uniform.8" name="distr" upper="10.0"/>
#        </prior>
#        <prior id="samplingProportionPriorEs.t:SIR_R2.55_p0.7_n100_rep1.nexus" name="distribution" x="@samplingProportionEs.t:SIR_R2.55_p0.7_n100_rep1.nexus">
#            <Normal id="Normal.3" name="distr">
#                <parameter estimate="false" id="RealParameter.50" name="mean">0.7</parameter>
#                <parameter estimate="false" id="RealParameter.51" name="sigma">0.01</parameter>
#            </Normal>
#        </prior>
#    </distribution>
#    <distribution id="likelihood" spec="beast.core.util.CompoundDistribution" useThreads="true">
#        <distribution data="@SIR_R2.55_p0.7_n100_rep1.nexus" id="treeLikelihood.SIR_R2.55_p0.7_n100_rep1.nexus" spec="beast.evolution.likelihood.FixedTreeLikelihood" tree="@Tree.t:SIR_R2.55_p0.7_n100_rep1.nexus">
#            <siteModel id="FixedSiteModel.s:SIR_R2.55_p0.7_n100_rep1.nexus" spec="beast.evolution.sitemodel.FixedSiteModel">
#                <parameter id="RealParameter.32" lower="0.0" name="mutationRate" upper="0.0">1.0</parameter>
#                <parameter id="RealParameter.33" lower="0.0" name="shape" upper="0.0">1.0</parameter>
#                <parameter id="RealParameter.34" lower="0.0" name="proportionInvariant" upper="0.0">0.0</parameter>
#            </siteModel>
#            <branchRateModel id="FixedClock.c:SIR_R2.55_p0.7_n100_rep1.nexus" spec="beast.evolution.branchratemodel.FixedClockModel">
#                <parameter estimate="false" id="RealParameter.35" name="clock.rate">1.0</parameter>
#            </branchRateModel>
#        </distribution>
#    </distribution>
#</input>
#
Sample	posterior	likelihood	prior	BDSIRserial	originEs	samplingProportionEs	becomeUninfectiousRateEs	reproductiveNumberEs	S0Es	dSEs.1	dSEs.2	dSEs.3	dSEs.4	dSEs.5	dSEs.6	dSEs.7	dSEs.8	dSEs.9	dSEs.10	dSEs.11	dSEs.12	dSEs.13	dSEs.14	dSEs.15	dSEs.16	dSEs.17	dSEs.18	dSEs.19	dSEs.20	dSEs.21	dSEs.22	dSEs.23	dSEs.24	dSEs.25	dSEs.26	dSEs.27	dSEs.28	dSEs.29	dSEs.30	dSEs.31	dSEs.32	dSEs.33	dSEs.34	dSEs.35	dSEs.36	dSEs.37	dSEs.38	dSEs.39	dSEs.40	dSEs.41	dSEs.42	dSEs.43	dSEs.44	dSEs.45	dSEs.46	dSEs.47	dSEs.48	dSEs.49	dSEs.50	dSEs.51	dSEs.52	dSEs.53	dSEs.54	dSEs.55	dSEs.56	dSEs.57	dSEs.58	dSEs.59	dSEs.60	dSEs.61	dSEs.62	dSEs.63	dSEs.64	dSEs.65	dSEs.66	dSEs.67	dSEs.68	dSEs.69	dSEs.70	dSEs.71	dSEs.72	dSEs.73	dSEs.74	dSEs.75	dSEs.76	dSEs.77	dSEs.78	dSEs.79	dSEs.80	dSEs.81	dSEs.82	dSEs.83	dSEs.84	dSEs.85	dSEs.86	dSEs.87	dSEs.88	dSEs.89	dSEs.90	dSEs.91	dSEs.92	dSEs.93	dSEs.94	dSEs.95	dSEs.96	dSEs.97	dSEs.98	dSEs.99	dSEs.100	dREs.1	dREs.2	dREs.3	dREs.4	dREs.5	dREs.6	dREs.7	dREs.8	dREs.9	dREs.10	dREs.11	dREs.12	dREs.13	dREs.14	dREs.15	dREs.16	dREs.17	dREs.18	dREs.19	dREs.20	dREs.21	dREs.22	dREs.23	dREs.24	dREs.25	dREs.26	dREs.27	dREs.28	dREs.29	dREs.30	dREs.31	dREs.32	dREs.33	dREs.34	dREs.35	dREs.36	dREs.37	dREs.38	dREs.39	dREs.40	dREs.41	dREs.42	dREs.43	dREs.44	dREs.45	dREs.46	dREs.47	dREs.48	dREs.49	dREs.50	dREs.51	dREs.52	dREs.53	dREs.54	dREs.55	dREs.56	dREs.57	dREs.58	dREs.59	dREs.60	dREs.61	dREs.62	dREs.63	dREs.64	dREs.65	dREs.66	dREs.67	dREs.68	dREs.69	dREs.70	dREs.71	dREs.72	dREs.73	dREs.74	dREs.75	dREs.76	dREs.77	dREs.78	dREs.79	dREs.80	dREs.81	dREs.82	dREs.83	dREs.84	dREs.85	dREs.86	dREs.87	dREs.88	dREs.89	dREs.90	dREs.91	dREs.92	dREs.93	dREs.94	dREs.95	dREs.96	dREs.97	dREs.98	dREs.99	dREs.100	birthEs	deathEs	samplingEs
0	-1.123912867568724E8	0.0	-1.123912867568724E8	-1.0368428739067599	10.0	0.7	0.9811998356993488	2.0	300000.0	0.0	0.0	0.0	1.0	0.0	1.0	2.0	2.0	2.0	1.0	0.0	1.0	2.0	1.0	3.0	1.0	2.0	4.0	3.0	5.0	2.0	0.0	4.0	5.0	7.0	4.0	2.0	1.0	5.0	5.0	3.0	8.0	8.0	6.0	4.0	5.0	8.0	8.0	10.0	6.0	10.0	8.0	12.0	11.0	16.0	16.0	15.0	17.0	17.0	24.0	23.0	33.0	28.0	30.0	36.0	40.0	35.0	45.0	47.0	51.0	51.0	67.0	85.0	84.0	91.0	101.0	110.0	130.0	143.0	147.0	166.0	177.0	211.0	256.0	212.0	262.0	310.0	334.0	374.0	383.0	460.0	518.0	511.0	541.0	619.0	689.0	755.0	778.0	903.0	1048.0	1130.0	1165.0	1250.0	1331.0	1415.0	1591.0	1780.0	1917.0	1973.0	2123.0	0.0	0.0	0.0	0.0	0.0	0.0	0.0	0.0	0.0	1.0	3.0	1.0	1.0	1.0	0.0	0.0	2.0	2.0	0.0	1.0	3.0	1.0	3.0	1.0	3.0	4.0	6.0	3.0	4.0	1.0	4.0	5.0	4.0	6.0	4.0	1.0	4.0	5.0	6.0	7.0	6.0	4.0	6.0	9.0	3.0	10.0	11.0	11.0	8.0	17.0	14.0	18.0	19.0	14.0	16.0	17.0	17.0	18.0	26.0	33.0	20.0	29.0	39.0	44.0	45.0	44.0	47.0	60.0	64.0	77.0	76.0	96.0	101.0	115.0	103.0	141.0	155.0	175.0	175.0	201.0	206.0	237.0	306.0	304.0	333.0	352.0	373.0	447.0	437.0	526.0	582.0	630.0	655.0	701.0	788.0	847.0	938.0	1023.0	1097.0	1223.0	6.541332237995659E-6	0.2943599507098047	0.6868398849895441
10000	166.25532120484044	0.0	166.25532120484044	223.15067392149777	1.535235910156982	0.7344770821806398	2.0409960274256282	4.3154298312613255	327.23770677278173	0.0	0.0	0.0	0.0	0.0	0.0	0.0	0.0	0.0	0.0	0.0	0.0	0.0	0.0	0.0	0.0	0.0	0.0	0.0	0.0	0.0	0.0	0.0	0.0	0.0	0.0	0.0	0.0	0.0	0.0	0.0	0.0	0.0	0.0	0.0	0.0	0.0	0.0	0.0	0.0	1.0	0.0	0.0	0.0	1.0	0.0	0.0	0.0	0.0	0.0	1.0	0.0	0.0	0.0	0.0	0.0	0.0	0.0	0.0	1.0	0.0	0.0	0.0	0.0	0.0	1.0	1.0	1.0	2.0	1.0	2.0	1.0	0.0	3.0	1.0	2.0	1.0	1.0	2.0	3.0	1.0	1.0	1.0	4.0	7.0	5.0	2.0	5.0	5.0	3.0	2.0	2.0	6.0	4.0	5.0	5.0	11.0	5.0	6.0	8.0	0.0	0.0	0.0	0.0	0.0	0.0	0.0	0.0	0.0	0.0	0.0	0.0	0.0	0.0	0.0	0.0	0.0	0.0	0.0	0.0	0.0	0.0	0.0	0.0	0.0	0.0	0.0	0.0	0.0	0.0	0.0	0.0	0.0	0.0	0.0	0.0	0.0	0.0	0.0	0.0	0.0	0.0	1.0	0.0	0.0	0.0	0.0	0.0	0.0	0.0	0.0	0.0	0.0	0.0	0.0	0.0	0.0	0.0	0.0	0.0	0.0	0.0	0.0	0.0	0.0	0.0	1.0	0.0	0.0	1.0	0.0	0.0	1.0	0.0	1.0	0.0	0.0	1.0	1.0	2.0	1.0	1.0	1.0	1.0	2.0	0.0	0.0	2.0	0.0	3.0	1.0	1.0	2.0	4.0	1.0	1.0	0.0	4.0	3.0	2.0	0.02691552641992481	0.5419312204597757	1.4990648069658525
