#
#model:
#
#<?xml version="1.0" encoding="UTF-8" standalone="no"?><input id="posterior" spec="beast.core.util.CompoundDistribution">
#    <distribution id="prior" spec="beast.core.util.CompoundDistribution">
#        <distribution id="CoalescentConstant.t:dummy" spec="beast.evolution.tree.coalescent.Coalescent">
#            <populationModel id="ConstantPopulation.t:dummy" spec="beast.evolution.tree.coalescent.ConstantPopulation">
#                <parameter id="popSize.t:dummy" name="popSize">0.0889118636108112</parameter>
#            </populationModel>
#            <treeIntervals id="TreeIntervals.t:dummy" spec="beast.evolution.tree.coalescent.TreeIntervals">
#                <tree id="Tree.t:dummy">
#                    <trait id="dateTrait.t:dummy" spec="beast.evolution.tree.TraitSet" traitname="date-backward">
#	      'EBOV|AA000000|EM104|SierraLeone_EM|2014-06-02' = 0.04383699999999999,'EBOV|AA000000|EM106|SierraLeone_EM|2014-06-02' = 0.043835999999999986,'EBOV|AA000000|EM110|SierraLeone_EM|2014-06-03' = 0.04109699999999998,'EBOV|AA000000|EM111|SierraLeone_EM|2014-06-03' = 0.04109799999999998,'EBOV|AA000000|EM112|SierraLeone_EM|2014-06-03' = 0.04109699999999998,'EBOV|AA000000|EM113|SierraLeone_EM|2014-06-03' = 0.04109699999999998,'EBOV|AA000000|EM115|SierraLeone_EM|2014-06-03' = 0.04109699999999998,'EBOV|AA000000|EM119|SierraLeone_EM|2014-06-03' = 0.041096999999999995,'EBOV|AA000000|EM120|SierraLeone_EM|2014-06-03' = 0.041095999999999994,'EBOV|AA000000|EM121|SierraLeone_EM|2014-06-04' = 0.038357,'EBOV|AA000000|EM124|SierraLeone_EM|2014-06-04' = 0.03835699999999999,'EBOV|AA000000|G3707|SierraLeone_G|2014-05-31' = 0.049315999999999985,'EBOV|AA000000|G3713|SierraLeone_G|2014-06-09' = 0.024658999999999973,'EBOV|AA000000|G3724|SierraLeone_G|2014-06-05' = 0.03561699999999998,'EBOV|AA000000|G3729|SierraLeone_G|2014-06-07' = 0.030137999999999998,'EBOV|AA000000|G3734|SierraLeone_G|2014-06-07' = 0.030137999999999998,'EBOV|AA000000|G3735|SierraLeone_G|2014-06-07' = 0.030137999999999984,'EBOV|AA000000|G3750|SierraLeone_G|2014-06-10' = 0.021918999999999994,'EBOV|AA000000|G3752|SierraLeone_G|2014-06-10' = 0.02191899999999998,'EBOV|AA000000|G3758|SierraLeone_G|2014-06-11' = 0.019178999999999988,'EBOV|AA000000|G3764|SierraLeone_G|2014-06-12' = 0.016438999999999995,'EBOV|AA000000|G3765|SierraLeone_G|2014-06-14' = 0.010959999999999998,'EBOV|AA000000|G3769|SierraLeone_G|2014-06-12' = 0.016439999999999996,'EBOV|AA000000|G3770|SierraLeone_G|2014-06-12' = 0.016438999999999995,'EBOV|AA000000|G3771|SierraLeone_G|2014-06-12' = 0.016438999999999995,'EBOV|AA000000|G3782|SierraLeone_G|2014-06-14' = 0.010960999999999985,'EBOV|AA000000|G3786|SierraLeone_G|2014-06-14' = 0.010959999999999998,'EBOV|AA000000|G3787|SierraLeone_G|2014-06-14' = 0.010959999999999984,'EBOV|AA000000|G3788|SierraLeone_G|2014-06-14' = 0.010959999999999998,'EBOV|AA000000|G3789|SierraLeone_G|2014-06-14' = 0.010958999999999997,'EBOV|AA000000|G3795|SierraLeone_G|2014-06-15' = 0.008220000000000005,'EBOV|AA000000|G3796|SierraLeone_G|2014-06-15' = 0.008220999999999978,'EBOV|AA000000|G3798|SierraLeone_G|2014-06-15' = 0.008219999999999991,'EBOV|AA000000|G3799|SierraLeone_G|2014-06-15' = 0.008219999999999991,'EBOV|AA000000|G3800|SierraLeone_G|2014-06-15' = 0.008220000000000005,'EBOV|AA000000|G3805|SierraLeone_G|2014-06-15' = 0.008220999999999992,'EBOV|AA000000|G3807|SierraLeone_G|2014-06-15' = 0.008220999999999978,'EBOV|AA000000|G3808|SierraLeone_G|2014-06-15' = 0.008220999999999992,'EBOV|AA000000|G3809|SierraLeone_G|2014-06-15' = 0.008220999999999978,'EBOV|AA000000|G3810|SierraLeone_G|2014-06-15' = 0.008219999999999991,'EBOV|AA000000|G3814|SierraLeone_G|2014-06-15' = 0.008220000000000005,'EBOV|AA000000|G3816|SierraLeone_G|2014-06-15' = 0.008220999999999992,'EBOV|AA000000|G3817|SierraLeone_G|2014-06-15' = 0.008219999999999977,'EBOV|AA000000|G3818|SierraLeone_G|2014-06-15' = 0.008219999999999991,'EBOV|AA000000|G3819|SierraLeone_G|2014-06-15' = 0.008219999999999991,'EBOV|AA000000|G3820|SierraLeone_G|2014-06-15' = 0.008219999999999991,'EBOV|AA000000|G3821|SierraLeone_G|2014-06-15' = 0.008220999999999978,'EBOV|AA000000|G3822|SierraLeone_G|2014-06-15' = 0.008220999999999992,'EBOV|AA000000|G3823|SierraLeone_G|2014-06-15' = 0.008220999999999992,'EBOV|AA000000|G3825|SierraLeone_G|2014-06-16' = 0.005479999999999985,'EBOV|AA000000|G3826|SierraLeone_G|2014-06-16' = 0.005479999999999985,'EBOV|AA000000|G3827|SierraLeone_G|2014-06-16' = 0.005479999999999985,'EBOV|AA000000|G3829|SierraLeone_G|2014-06-16' = 0.005480999999999986,'EBOV|AA000000|G3831|SierraLeone_G|2014-06-16' = 0.005480999999999986,'EBOV|AA000000|G3834|SierraLeone_G|2014-06-17' = 0.0027399999999999786,'EBOV|AA000000|G3838|SierraLeone_G|2014-06-17' = 0.0027409999999999934,'EBOV|AA000000|G3840|SierraLeone_G|2014-06-17' = 0.0027409999999999934,'EBOV|AA000000|G3841|SierraLeone_G|2014-06-17' = 0.0027409999999999934,'EBOV|AA000000|G3845|SierraLeone_G|2014-06-18' = 1.9999999999881224E-6,'EBOV|AA000000|G3846|SierraLeone_G|2014-06-18' = 1.9999999999881224E-6,'EBOV|AA000000|G3848|SierraLeone_G|2014-06-18' = 9.999999999871223E-7,'EBOV|AA000000|G3850|SierraLeone_G|2014-06-18' = 0.0,'EBOV|AA000000|G3851|SierraLeone_G|2014-06-18' = 9.999999999871223E-7,'EBOV|AA000000|G3856|SierraLeone_G|2014-06-18' = 1.9999999999881224E-6,'EBOV|AA000000|G3857|SierraLeone_G|2014-06-18' = 9.999999999871223E-7,'EBOV|AA000000|NM042|SierraLeone_NM|2014-06-04' = 0.03835699999999999,'EBOV|KM034551|EM096|SierraLeone_EM|2014-05-26' = 0.063014,'EBOV|KM034552|EM098|SierraLeone_EM|2014-05-26' = 0.06301499999999999,'EBOV|KM034553|G3670|SierraLeone_G|2014-05-27' = 0.060275,'EBOV|KM034556|G3677|SierraLeone_G|2014-05-26' = 0.06301399999999999,'EBOV|KM034558|G3679|SierraLeone_G|2014-05-28' = 0.057535,'EBOV|KM034560|G3682|SierraLeone_G|2014-05-28' = 0.057534999999999996
#                                    <taxa id="TaxonSet.dummy" spec="beast.evolution.alignment.TaxonSet">
#                        </taxa>
#                    </trait>
#                    <taxonset idref="TaxonSet.dummy"/>
#                </tree>
#            </treeIntervals>
#        </distribution>
#        <prior id="ClockPrior.c:dummy" name="distribution">
#            <parameter id="clockRate.c:dummy" name="x">1.0</parameter>
#            <Uniform id="Uniform.7" name="distr" upper="Infinity"/>
#        </prior>
#        <prior id="PopSizePrior.t:dummy" name="distribution" x="@popSize.t:dummy">
#            <Uniform id="Uniform.8" name="distr" upper="Infinity"/>
#        </prior>
#    </distribution>
#</input>
#
Sample	posterior	likelihood	prior	treeLikelihood	TreeHeight	clockRate	popSize	CoalescentConstant
0	96.30575498070917	NaN	96.30575498070917	NaN	0.7445348398374128	1.0	0.0889118636108112	96.30575498070917
200000	99.32446068051863	NaN	99.32446068051863	NaN	0.16470919797234804	1.0	0.0889118636108112	99.32446068051863
